{"uid":"452898cb9ac345b8","name":"Verify if a student can link account to Google","fullName":"SocialLinkingTests.checkStudentLinkToGoogle","historyId":"9997bc86ca7b4d8a32f2737717153695","time":{"start":1719809807973,"stop":1719809846250,"duration":38277},"description":"A student can link account to Google through social feature","descriptionHtml":"<p>A student can link account to Google through social feature</p>\n","status":"failed","statusMessage":"Element not found {By.xpath: //input[@name='Passwd']}\nExpected: visible\nPage source: file:/home/runner/work/MyNewAutoTests/MyNewAutoTests/app/build/reports/tests/1719809835293.1.html\nTimeout: 10 s.\nCaused by: NoSuchElementException: no such element: Unable to locate element: {\"method\":\"xpath\",\"selector\":\"//input[@name='Passwd']\"}","statusTrace":"Element not found {By.xpath: //input[@name='Passwd']}\nExpected: visible\nPage source: file:/home/runner/work/MyNewAutoTests/MyNewAutoTests/app/build/reports/tests/1719809835293.1.html\nTimeout: 10 s.\nCaused by: NoSuchElementException: no such element: Unable to locate element: {\"method\":\"xpath\",\"selector\":\"//input[@name='Passwd']\"}\n\tat com.codeborne.selenide.impl.WebElementSource.createElementNotFoundError(WebElementSource.java:91)\n\tat com.codeborne.selenide.impl.ElementFinder.createElementNotFoundError(ElementFinder.java:142)\n\tat com.codeborne.selenide.impl.WebElementSource.handleError(WebElementSource.java:143)\n\tat com.codeborne.selenide.impl.WebElementSource.checkConditionAndReturnElement(WebElementSource.java:127)\n\tat com.codeborne.selenide.impl.WebElementSource.checkCondition(WebElementSource.java:104)\n\tat com.codeborne.selenide.commands.Should.execute(Should.java:30)\n\tat com.codeborne.selenide.commands.Should.execute(Should.java:14)\n\tat com.codeborne.selenide.commands.Commands.execute(Commands.java:164)\n\tat com.codeborne.selenide.impl.SelenideElementProxy.dispatchAndRetry(SelenideElementProxy.java:132)\n\tat com.codeborne.selenide.impl.SelenideElementProxy.invoke(SelenideElementProxy.java:84)\n\tat jdk.proxy2/jdk.proxy2.$Proxy35.shouldBe(Unknown Source)\n\tat app.pages.signup.GoogleSignUpPage.setPassword(GoogleSignUpPage.java:24)\n\tat UtilityLinkToSocial.linkToSocial(UtilityLinkToSocial.java:18)\n\tat SocialLinkingTests.checkStudentLinkToGoogle(SocialLinkingTests.java:25)\n\tat java.base/jdk.internal.reflect.NativeMethodAccessorImpl.invoke0(Native Method)\n\tat java.base/jdk.internal.reflect.NativeMethodAccessorImpl.invoke(NativeMethodAccessorImpl.java:77)\n\tat java.base/jdk.internal.reflect.DelegatingMethodAccessorImpl.invoke(DelegatingMethodAccessorImpl.java:43)\n\tat java.base/java.lang.reflect.Method.invoke(Method.java:568)\n\tat org.testng.internal.invokers.MethodInvocationHelper.invokeMethod(MethodInvocationHelper.java:139)\n\tat org.testng.internal.invokers.TestInvoker.invokeMethod(TestInvoker.java:664)\n\tat org.testng.internal.invokers.TestInvoker.invokeTestMethod(TestInvoker.java:227)\n\tat org.testng.internal.invokers.MethodRunner.runInSequence(MethodRunner.java:50)\n\tat org.testng.internal.invokers.TestInvoker$MethodInvocationAgent.invoke(TestInvoker.java:957)\n\tat org.testng.internal.invokers.TestInvoker.invokeTestMethods(TestInvoker.java:200)\n\tat org.testng.internal.invokers.TestMethodWorker.invokeTestMethods(TestMethodWorker.java:148)\n\tat org.testng.internal.invokers.TestMethodWorker.run(TestMethodWorker.java:128)\n\tat java.base/java.util.ArrayList.forEach(ArrayList.java:1511)\n\tat org.testng.TestRunner.privateRun(TestRunner.java:848)\n\tat org.testng.TestRunner.run(TestRunner.java:621)\n\tat org.testng.SuiteRunner.runTest(SuiteRunner.java:443)\n\tat org.testng.SuiteRunner.runSequentially(SuiteRunner.java:437)\n\tat org.testng.SuiteRunner.privateRun(SuiteRunner.java:397)\n\tat org.testng.SuiteRunner.run(SuiteRunner.java:336)\n\tat org.testng.SuiteRunnerWorker.runSuite(SuiteRunnerWorker.java:52)\n\tat org.testng.SuiteRunnerWorker.run(SuiteRunnerWorker.java:95)\n\tat org.testng.TestNG.runSuitesSequentially(TestNG.java:1280)\n\tat org.testng.TestNG.runSuitesLocally(TestNG.java:1200)\n\tat org.testng.TestNG.runSuites(TestNG.java:1114)\n\tat org.testng.TestNG.run(TestNG.java:1082)\n\tat org.gradle.api.internal.tasks.testing.testng.TestNGTestClassProcessor.runTests(TestNGTestClassProcessor.java:145)\n\tat org.gradle.api.internal.tasks.testing.testng.TestNGTestClassProcessor.stop(TestNGTestClassProcessor.java:92)\n\tat org.gradle.api.internal.tasks.testing.SuiteTestClassProcessor.stop(SuiteTestClassProcessor.java:62)\n\tat java.base/jdk.internal.reflect.NativeMethodAccessorImpl.invoke0(Native Method)\n\tat java.base/jdk.internal.reflect.NativeMethodAccessorImpl.invoke(NativeMethodAccessorImpl.java:77)\n\tat java.base/jdk.internal.reflect.DelegatingMethodAccessorImpl.invoke(DelegatingMethodAccessorImpl.java:43)\n\tat java.base/java.lang.reflect.Method.invoke(Method.java:568)\n\tat org.gradle.internal.dispatch.ReflectionDispatch.dispatch(ReflectionDispatch.java:36)\n\tat org.gradle.internal.dispatch.ReflectionDispatch.dispatch(ReflectionDispatch.java:24)\n\tat org.gradle.internal.dispatch.ContextClassLoaderDispatch.dispatch(ContextClassLoaderDispatch.java:33)\n\tat org.gradle.internal.dispatch.ProxyDispatchAdapter$DispatchingInvocationHandler.invoke(ProxyDispatchAdapter.java:94)\n\tat jdk.proxy1/jdk.proxy1.$Proxy2.stop(Unknown Source)\n\tat org.gradle.api.internal.tasks.testing.worker.TestWorker$3.run(TestWorker.java:193)\n\tat org.gradle.api.internal.tasks.testing.worker.TestWorker.executeAndMaintainThreadName(TestWorker.java:129)\n\tat org.gradle.api.internal.tasks.testing.worker.TestWorker.execute(TestWorker.java:100)\n\tat org.gradle.api.internal.tasks.testing.worker.TestWorker.execute(TestWorker.java:60)\n\tat org.gradle.process.internal.worker.child.ActionExecutionWorker.execute(ActionExecutionWorker.java:56)\n\tat org.gradle.process.internal.worker.child.SystemApplicationClassLoaderWorker.call(SystemApplicationClassLoaderWorker.java:113)\n\tat org.gradle.process.internal.worker.child.SystemApplicationClassLoaderWorker.call(SystemApplicationClassLoaderWorker.java:65)\n\tat worker.org.gradle.process.internal.worker.GradleWorkerMain.run(GradleWorkerMain.java:69)\n\tat worker.org.gradle.process.internal.worker.GradleWorkerMain.main(GradleWorkerMain.java:74)\nCaused by: org.openqa.selenium.NoSuchElementException: no such element: Unable to locate element: {\"method\":\"xpath\",\"selector\":\"//input[@name='Passwd']\"}\n  (Session info: chrome=126.0.6478.126)\nFor documentation on this error, please visit: https://www.selenium.dev/documentation/webdriver/troubleshooting/errors#no-such-element-exception\nBuild info: version: '4.12.1', revision: '8e34639b11'\nSystem info: os.name: 'Linux', os.arch: 'amd64', os.version: '6.5.0-1022-azure', java.version: '17.0.10'\nDriver info: org.openqa.selenium.chrome.ChromeDriver\nCommand: [0bd545a25e0bbbf0588b93b86f501b9f, findElement {using=xpath, value=//input[@name='Passwd']}]\nCapabilities {acceptInsecureCerts: true, browserName: chrome, browserVersion: 126.0.6478.126, chrome: {chromedriverVersion: 126.0.6478.126 (d36ace6122e..., userDataDir: /tmp/.org.chromium.Chromium...}, fedcm:accounts: true, goog:chromeOptions: {debuggerAddress: localhost:34117}, networkConnectionEnabled: false, pageLoadStrategy: none, platformName: linux, proxy: Proxy(), se:cdp: ws://localhost:34117/devtoo..., se:cdpVersion: 126.0.6478.126, setWindowRect: true, strictFileInteractability: false, timeouts: {implicit: 0, pageLoad: 300000, script: 30000}, unhandledPromptBehavior: accept, webauthn:extension:credBlob: true, webauthn:extension:largeBlob: true, webauthn:extension:minPinLength: true, webauthn:extension:prf: true, webauthn:virtualAuthenticators: true}\nSession ID: 0bd545a25e0bbbf0588b93b86f501b9f\n\tat jdk.internal.reflect.GeneratedConstructorAccessor29.newInstance(Unknown Source)\n\tat java.base/jdk.internal.reflect.DelegatingConstructorAccessorImpl.newInstance(DelegatingConstructorAccessorImpl.java:45)\n\tat java.base/java.lang.reflect.Constructor.newInstanceWithCaller(Constructor.java:499)\n\tat java.base/java.lang.reflect.Constructor.newInstance(Constructor.java:480)\n\tat org.openqa.selenium.remote.codec.w3c.W3CHttpResponseCodec.createException(W3CHttpResponseCodec.java:200)\n\tat org.openqa.selenium.remote.codec.w3c.W3CHttpResponseCodec.decode(W3CHttpResponseCodec.java:133)\n\tat org.openqa.selenium.remote.codec.w3c.W3CHttpResponseCodec.decode(W3CHttpResponseCodec.java:52)\n\tat org.openqa.selenium.remote.HttpCommandExecutor.execute(HttpCommandExecutor.java:191)\n\tat org.openqa.selenium.remote.service.DriverCommandExecutor.invokeExecute(DriverCommandExecutor.java:196)\n\tat org.openqa.selenium.remote.service.DriverCommandExecutor.execute(DriverCommandExecutor.java:171)\n\tat org.openqa.selenium.remote.RemoteWebDriver.execute(RemoteWebDriver.java:602)\n\tat org.openqa.selenium.remote.ElementLocation$ElementFinder$2.findElement(ElementLocation.java:165)\n\tat org.openqa.selenium.remote.ElementLocation.findElement(ElementLocation.java:59)\n\tat org.openqa.selenium.remote.RemoteWebDriver.findElement(RemoteWebDriver.java:359)\n\tat org.openqa.selenium.remote.RemoteWebDriver.findElement(RemoteWebDriver.java:353)\n\tat com.codeborne.selenide.impl.WebElementSelector.findElement(WebElementSelector.java:70)\n\tat com.codeborne.selenide.impl.WebElementSelector.findElement(WebElementSelector.java:44)\n\tat com.codeborne.selenide.impl.WebElementSelector.findElement(WebElementSelector.java:33)\n\tat com.codeborne.selenide.impl.ElementFinder.getWebElement(ElementFinder.java:122)\n\tat com.codeborne.selenide.impl.WebElementSource.checkConditionAndReturnElement(WebElementSource.java:116)\n\t... 56 more\n","flaky":false,"newFailed":false,"newBroken":false,"newPassed":false,"retriesCount":0,"retriesStatusChange":false,"beforeStages":[{"name":"setUp","time":{"start":1719809771819,"stop":1719809771827,"duration":8},"description":"","status":"passed","steps":[],"attachments":[],"parameters":[],"shouldDisplayMessage":false,"stepsCount":0,"attachmentsCount":0,"hasContent":false}],"testStage":{"description":"A student can link account to Google through social feature","status":"failed","statusMessage":"Element not found {By.xpath: //input[@name='Passwd']}\nExpected: visible\nPage source: file:/home/runner/work/MyNewAutoTests/MyNewAutoTests/app/build/reports/tests/1719809835293.1.html\nTimeout: 10 s.\nCaused by: NoSuchElementException: no such element: Unable to locate element: {\"method\":\"xpath\",\"selector\":\"//input[@name='Passwd']\"}","statusTrace":"Element not found {By.xpath: //input[@name='Passwd']}\nExpected: visible\nPage source: file:/home/runner/work/MyNewAutoTests/MyNewAutoTests/app/build/reports/tests/1719809835293.1.html\nTimeout: 10 s.\nCaused by: NoSuchElementException: no such element: Unable to locate element: {\"method\":\"xpath\",\"selector\":\"//input[@name='Passwd']\"}\n\tat com.codeborne.selenide.impl.WebElementSource.createElementNotFoundError(WebElementSource.java:91)\n\tat com.codeborne.selenide.impl.ElementFinder.createElementNotFoundError(ElementFinder.java:142)\n\tat com.codeborne.selenide.impl.WebElementSource.handleError(WebElementSource.java:143)\n\tat com.codeborne.selenide.impl.WebElementSource.checkConditionAndReturnElement(WebElementSource.java:127)\n\tat com.codeborne.selenide.impl.WebElementSource.checkCondition(WebElementSource.java:104)\n\tat com.codeborne.selenide.commands.Should.execute(Should.java:30)\n\tat com.codeborne.selenide.commands.Should.execute(Should.java:14)\n\tat com.codeborne.selenide.commands.Commands.execute(Commands.java:164)\n\tat com.codeborne.selenide.impl.SelenideElementProxy.dispatchAndRetry(SelenideElementProxy.java:132)\n\tat com.codeborne.selenide.impl.SelenideElementProxy.invoke(SelenideElementProxy.java:84)\n\tat jdk.proxy2/jdk.proxy2.$Proxy35.shouldBe(Unknown Source)\n\tat app.pages.signup.GoogleSignUpPage.setPassword(GoogleSignUpPage.java:24)\n\tat UtilityLinkToSocial.linkToSocial(UtilityLinkToSocial.java:18)\n\tat SocialLinkingTests.checkStudentLinkToGoogle(SocialLinkingTests.java:25)\n\tat java.base/jdk.internal.reflect.NativeMethodAccessorImpl.invoke0(Native Method)\n\tat java.base/jdk.internal.reflect.NativeMethodAccessorImpl.invoke(NativeMethodAccessorImpl.java:77)\n\tat java.base/jdk.internal.reflect.DelegatingMethodAccessorImpl.invoke(DelegatingMethodAccessorImpl.java:43)\n\tat java.base/java.lang.reflect.Method.invoke(Method.java:568)\n\tat org.testng.internal.invokers.MethodInvocationHelper.invokeMethod(MethodInvocationHelper.java:139)\n\tat org.testng.internal.invokers.TestInvoker.invokeMethod(TestInvoker.java:664)\n\tat org.testng.internal.invokers.TestInvoker.invokeTestMethod(TestInvoker.java:227)\n\tat org.testng.internal.invokers.MethodRunner.runInSequence(MethodRunner.java:50)\n\tat org.testng.internal.invokers.TestInvoker$MethodInvocationAgent.invoke(TestInvoker.java:957)\n\tat org.testng.internal.invokers.TestInvoker.invokeTestMethods(TestInvoker.java:200)\n\tat org.testng.internal.invokers.TestMethodWorker.invokeTestMethods(TestMethodWorker.java:148)\n\tat org.testng.internal.invokers.TestMethodWorker.run(TestMethodWorker.java:128)\n\tat java.base/java.util.ArrayList.forEach(ArrayList.java:1511)\n\tat org.testng.TestRunner.privateRun(TestRunner.java:848)\n\tat org.testng.TestRunner.run(TestRunner.java:621)\n\tat org.testng.SuiteRunner.runTest(SuiteRunner.java:443)\n\tat org.testng.SuiteRunner.runSequentially(SuiteRunner.java:437)\n\tat org.testng.SuiteRunner.privateRun(SuiteRunner.java:397)\n\tat org.testng.SuiteRunner.run(SuiteRunner.java:336)\n\tat org.testng.SuiteRunnerWorker.runSuite(SuiteRunnerWorker.java:52)\n\tat org.testng.SuiteRunnerWorker.run(SuiteRunnerWorker.java:95)\n\tat org.testng.TestNG.runSuitesSequentially(TestNG.java:1280)\n\tat org.testng.TestNG.runSuitesLocally(TestNG.java:1200)\n\tat org.testng.TestNG.runSuites(TestNG.java:1114)\n\tat org.testng.TestNG.run(TestNG.java:1082)\n\tat org.gradle.api.internal.tasks.testing.testng.TestNGTestClassProcessor.runTests(TestNGTestClassProcessor.java:145)\n\tat org.gradle.api.internal.tasks.testing.testng.TestNGTestClassProcessor.stop(TestNGTestClassProcessor.java:92)\n\tat org.gradle.api.internal.tasks.testing.SuiteTestClassProcessor.stop(SuiteTestClassProcessor.java:62)\n\tat java.base/jdk.internal.reflect.NativeMethodAccessorImpl.invoke0(Native Method)\n\tat java.base/jdk.internal.reflect.NativeMethodAccessorImpl.invoke(NativeMethodAccessorImpl.java:77)\n\tat java.base/jdk.internal.reflect.DelegatingMethodAccessorImpl.invoke(DelegatingMethodAccessorImpl.java:43)\n\tat java.base/java.lang.reflect.Method.invoke(Method.java:568)\n\tat org.gradle.internal.dispatch.ReflectionDispatch.dispatch(ReflectionDispatch.java:36)\n\tat org.gradle.internal.dispatch.ReflectionDispatch.dispatch(ReflectionDispatch.java:24)\n\tat org.gradle.internal.dispatch.ContextClassLoaderDispatch.dispatch(ContextClassLoaderDispatch.java:33)\n\tat org.gradle.internal.dispatch.ProxyDispatchAdapter$DispatchingInvocationHandler.invoke(ProxyDispatchAdapter.java:94)\n\tat jdk.proxy1/jdk.proxy1.$Proxy2.stop(Unknown Source)\n\tat org.gradle.api.internal.tasks.testing.worker.TestWorker$3.run(TestWorker.java:193)\n\tat org.gradle.api.internal.tasks.testing.worker.TestWorker.executeAndMaintainThreadName(TestWorker.java:129)\n\tat org.gradle.api.internal.tasks.testing.worker.TestWorker.execute(TestWorker.java:100)\n\tat org.gradle.api.internal.tasks.testing.worker.TestWorker.execute(TestWorker.java:60)\n\tat org.gradle.process.internal.worker.child.ActionExecutionWorker.execute(ActionExecutionWorker.java:56)\n\tat org.gradle.process.internal.worker.child.SystemApplicationClassLoaderWorker.call(SystemApplicationClassLoaderWorker.java:113)\n\tat org.gradle.process.internal.worker.child.SystemApplicationClassLoaderWorker.call(SystemApplicationClassLoaderWorker.java:65)\n\tat worker.org.gradle.process.internal.worker.GradleWorkerMain.run(GradleWorkerMain.java:69)\n\tat worker.org.gradle.process.internal.worker.GradleWorkerMain.main(GradleWorkerMain.java:74)\nCaused by: org.openqa.selenium.NoSuchElementException: no such element: Unable to locate element: {\"method\":\"xpath\",\"selector\":\"//input[@name='Passwd']\"}\n  (Session info: chrome=126.0.6478.126)\nFor documentation on this error, please visit: https://www.selenium.dev/documentation/webdriver/troubleshooting/errors#no-such-element-exception\nBuild info: version: '4.12.1', revision: '8e34639b11'\nSystem info: os.name: 'Linux', os.arch: 'amd64', os.version: '6.5.0-1022-azure', java.version: '17.0.10'\nDriver info: org.openqa.selenium.chrome.ChromeDriver\nCommand: [0bd545a25e0bbbf0588b93b86f501b9f, findElement {using=xpath, value=//input[@name='Passwd']}]\nCapabilities {acceptInsecureCerts: true, browserName: chrome, browserVersion: 126.0.6478.126, chrome: {chromedriverVersion: 126.0.6478.126 (d36ace6122e..., userDataDir: /tmp/.org.chromium.Chromium...}, fedcm:accounts: true, goog:chromeOptions: {debuggerAddress: localhost:34117}, networkConnectionEnabled: false, pageLoadStrategy: none, platformName: linux, proxy: Proxy(), se:cdp: ws://localhost:34117/devtoo..., se:cdpVersion: 126.0.6478.126, setWindowRect: true, strictFileInteractability: false, timeouts: {implicit: 0, pageLoad: 300000, script: 30000}, unhandledPromptBehavior: accept, webauthn:extension:credBlob: true, webauthn:extension:largeBlob: true, webauthn:extension:minPinLength: true, webauthn:extension:prf: true, webauthn:virtualAuthenticators: true}\nSession ID: 0bd545a25e0bbbf0588b93b86f501b9f\n\tat jdk.internal.reflect.GeneratedConstructorAccessor29.newInstance(Unknown Source)\n\tat java.base/jdk.internal.reflect.DelegatingConstructorAccessorImpl.newInstance(DelegatingConstructorAccessorImpl.java:45)\n\tat java.base/java.lang.reflect.Constructor.newInstanceWithCaller(Constructor.java:499)\n\tat java.base/java.lang.reflect.Constructor.newInstance(Constructor.java:480)\n\tat org.openqa.selenium.remote.codec.w3c.W3CHttpResponseCodec.createException(W3CHttpResponseCodec.java:200)\n\tat org.openqa.selenium.remote.codec.w3c.W3CHttpResponseCodec.decode(W3CHttpResponseCodec.java:133)\n\tat org.openqa.selenium.remote.codec.w3c.W3CHttpResponseCodec.decode(W3CHttpResponseCodec.java:52)\n\tat org.openqa.selenium.remote.HttpCommandExecutor.execute(HttpCommandExecutor.java:191)\n\tat org.openqa.selenium.remote.service.DriverCommandExecutor.invokeExecute(DriverCommandExecutor.java:196)\n\tat org.openqa.selenium.remote.service.DriverCommandExecutor.execute(DriverCommandExecutor.java:171)\n\tat org.openqa.selenium.remote.RemoteWebDriver.execute(RemoteWebDriver.java:602)\n\tat org.openqa.selenium.remote.ElementLocation$ElementFinder$2.findElement(ElementLocation.java:165)\n\tat org.openqa.selenium.remote.ElementLocation.findElement(ElementLocation.java:59)\n\tat org.openqa.selenium.remote.RemoteWebDriver.findElement(RemoteWebDriver.java:359)\n\tat org.openqa.selenium.remote.RemoteWebDriver.findElement(RemoteWebDriver.java:353)\n\tat com.codeborne.selenide.impl.WebElementSelector.findElement(WebElementSelector.java:70)\n\tat com.codeborne.selenide.impl.WebElementSelector.findElement(WebElementSelector.java:44)\n\tat com.codeborne.selenide.impl.WebElementSelector.findElement(WebElementSelector.java:33)\n\tat com.codeborne.selenide.impl.ElementFinder.getWebElement(ElementFinder.java:122)\n\tat com.codeborne.selenide.impl.WebElementSource.checkConditionAndReturnElement(WebElementSource.java:116)\n\t... 56 more\n","steps":[{"name":"$(\"open\") https://readtheory.org/app/sign-up/role","time":{"start":1719809807973,"stop":1719809808939,"duration":966},"status":"passed","steps":[{"name":"$(\"webdriver\") create()","time":{"start":1719809807973,"stop":1719809808938,"duration":965},"status":"passed","steps":[],"attachments":[],"parameters":[],"shouldDisplayMessage":false,"stepsCount":0,"attachmentsCount":0,"hasContent":false}],"attachments":[],"parameters":[],"shouldDisplayMessage":false,"stepsCount":1,"attachmentsCount":0,"hasContent":true},{"name":"$(\"By.tagName: h1\") should have(text \"Welcome to ReadTheory!\")","time":{"start":1719809808939,"stop":1719809809406,"duration":467},"status":"passed","steps":[],"attachments":[],"parameters":[],"shouldDisplayMessage":false,"stepsCount":0,"attachmentsCount":0,"hasContent":false},{"name":"$(\"By.xpath: //body//figure[1]\") should be(visible)","time":{"start":1719809809406,"stop":1719809809423,"duration":17},"status":"passed","steps":[],"attachments":[],"parameters":[],"shouldDisplayMessage":false,"stepsCount":0,"attachmentsCount":0,"hasContent":false},{"name":"$(\"By.xpath: //body//figure[1]\") click()","time":{"start":1719809809423,"stop":1719809809484,"duration":61},"status":"passed","steps":[],"attachments":[],"parameters":[],"shouldDisplayMessage":false,"stepsCount":0,"attachmentsCount":0,"hasContent":false},{"name":"$(\"By.xpath: //h1[@class='page-title']\") should have(text \"Create your student account\")","time":{"start":1719809809484,"stop":1719809809774,"duration":290},"status":"passed","steps":[],"attachments":[],"parameters":[],"shouldDisplayMessage":false,"stepsCount":0,"attachmentsCount":0,"hasContent":false},{"name":"$(\"By.xpath: //input[@placeholder='Username']\") should be(visible)","time":{"start":1719809809774,"stop":1719809809787,"duration":13},"status":"passed","steps":[],"attachments":[],"parameters":[],"shouldDisplayMessage":false,"stepsCount":0,"attachmentsCount":0,"hasContent":false},{"name":"$(\"By.xpath: //input[@placeholder='Username']\") send keys(NewStudentAutotest3912)","time":{"start":1719809809787,"stop":1719809809869,"duration":82},"status":"passed","steps":[],"attachments":[],"parameters":[],"shouldDisplayMessage":false,"stepsCount":0,"attachmentsCount":0,"hasContent":false},{"name":"$(\"By.xpath: //input[@placeholder='Password']\") should be(visible)","time":{"start":1719809809869,"stop":1719809809889,"duration":20},"status":"passed","steps":[],"attachments":[],"parameters":[],"shouldDisplayMessage":false,"stepsCount":0,"attachmentsCount":0,"hasContent":false},{"name":"$(\"By.xpath: //input[@placeholder='Password']\") send keys(qwert8334)","time":{"start":1719809809889,"stop":1719809809936,"duration":47},"status":"passed","steps":[],"attachments":[],"parameters":[],"shouldDisplayMessage":false,"stepsCount":0,"attachmentsCount":0,"hasContent":false},{"name":"$(\"By.xpath: //div[@class='vs__selected-options']\") should be(visible)","time":{"start":1719809809937,"stop":1719809809964,"duration":27},"status":"passed","steps":[],"attachments":[],"parameters":[],"shouldDisplayMessage":false,"stepsCount":0,"attachmentsCount":0,"hasContent":false},{"name":"$(\"By.xpath: //div[@class='vs__selected-options']\") click()","time":{"start":1719809809964,"stop":1719809810007,"duration":43},"status":"passed","steps":[],"attachments":[],"parameters":[],"shouldDisplayMessage":false,"stepsCount":0,"attachmentsCount":0,"hasContent":false},{"name":"$(\".vs__dropdown-option[13]\") click()","time":{"start":1719809810008,"stop":1719809810302,"duration":294},"status":"passed","steps":[],"attachments":[],"parameters":[],"shouldDisplayMessage":false,"stepsCount":0,"attachmentsCount":0,"hasContent":false},{"name":"$(\"By.xpath: //div[@class='primary-button']\") should be(visible)","time":{"start":1719809810302,"stop":1719809810317,"duration":15},"status":"passed","steps":[],"attachments":[],"parameters":[],"shouldDisplayMessage":false,"stepsCount":0,"attachmentsCount":0,"hasContent":false},{"name":"$(\"By.xpath: //div[@class='primary-button']\") click()","time":{"start":1719809810317,"stop":1719809810361,"duration":44},"status":"passed","steps":[],"attachments":[],"parameters":[],"shouldDisplayMessage":false,"stepsCount":0,"attachmentsCount":0,"hasContent":false},{"name":"$(\"By.xpath: //h1\") should have(text \"Let the learning begin!\")","time":{"start":1719809815361,"stop":1719809815380,"duration":19},"status":"passed","steps":[],"attachments":[],"parameters":[],"shouldDisplayMessage":false,"stepsCount":0,"attachmentsCount":0,"hasContent":false},{"name":"$(\"By.xpath: //span[@class='user-name']\") should be(visible)","time":{"start":1719809815380,"stop":1719809815395,"duration":15},"status":"passed","steps":[],"attachments":[],"parameters":[],"shouldDisplayMessage":false,"stepsCount":0,"attachmentsCount":0,"hasContent":false},{"name":"$(\"By.xpath: //span[@class='user-name']\") should have(text \"NewStudentAutotest3912\")","time":{"start":1719809815395,"stop":1719809815406,"duration":11},"status":"passed","steps":[],"attachments":[],"parameters":[],"shouldDisplayMessage":false,"stepsCount":0,"attachmentsCount":0,"hasContent":false},{"name":"$(\"By.xpath: //div[@class='account-button-wrapper']\") should be(visible)","time":{"start":1719809815406,"stop":1719809815420,"duration":14},"status":"passed","steps":[],"attachments":[],"parameters":[],"shouldDisplayMessage":false,"stepsCount":0,"attachmentsCount":0,"hasContent":false},{"name":"$(\"By.xpath: //div[@class='account-button-wrapper']\") click()","time":{"start":1719809815420,"stop":1719809815465,"duration":45},"status":"passed","steps":[],"attachments":[],"parameters":[],"shouldDisplayMessage":false,"stepsCount":0,"attachmentsCount":0,"hasContent":false},{"name":"$(\"By.xpath: //div[@class='account-wrapper']//div[1]/a[1]\") should be(visible)","time":{"start":1719809815465,"stop":1719809815487,"duration":22},"status":"passed","steps":[],"attachments":[],"parameters":[],"shouldDisplayMessage":false,"stepsCount":0,"attachmentsCount":0,"hasContent":false},{"name":"$(\"By.xpath: //div[@class='account-wrapper']//div[1]/a[1]\") click()","time":{"start":1719809815487,"stop":1719809815526,"duration":39},"status":"passed","steps":[],"attachments":[],"parameters":[],"shouldDisplayMessage":false,"stepsCount":0,"attachmentsCount":0,"hasContent":false},{"name":"$(\"By.xpath: //div[@class='activity-tabs-wrapper']/div[3]\") should be(visible)","time":{"start":1719809815526,"stop":1719809815860,"duration":334},"status":"passed","steps":[],"attachments":[],"parameters":[],"shouldDisplayMessage":false,"stepsCount":0,"attachmentsCount":0,"hasContent":false},{"name":"$(\"By.xpath: //div[@class='activity-tabs-wrapper']/div[3]\") click()","time":{"start":1719809815860,"stop":1719809815900,"duration":40},"status":"passed","steps":[],"attachments":[],"parameters":[],"shouldDisplayMessage":false,"stepsCount":0,"attachmentsCount":0,"hasContent":false},{"name":"$(\"By.xpath: //a[@class='social-item-button google-sign-in-btn sign-in-btn']\") should be(interactable)","time":{"start":1719809815900,"stop":1719809815915,"duration":15},"status":"passed","steps":[],"attachments":[],"parameters":[],"shouldDisplayMessage":false,"stepsCount":0,"attachmentsCount":0,"hasContent":false},{"name":"$(\"By.xpath: //a[@class='social-item-button google-sign-in-btn sign-in-btn']\") click()","time":{"start":1719809815915,"stop":1719809815953,"duration":38},"status":"passed","steps":[],"attachments":[],"parameters":[],"shouldDisplayMessage":false,"stepsCount":0,"attachmentsCount":0,"hasContent":false},{"name":"$(\"By.xpath: //input[@id='identifierId']\") should be(visible)","time":{"start":1719809818953,"stop":1719809818973,"duration":20},"status":"passed","steps":[],"attachments":[],"parameters":[],"shouldDisplayMessage":false,"stepsCount":0,"attachmentsCount":0,"hasContent":false},{"name":"$(\"By.xpath: //input[@id='identifierId']\") send keys(autoTestStudent1@gmail.com)","time":{"start":1719809818973,"stop":1719809819066,"duration":93},"status":"passed","steps":[],"attachments":[],"parameters":[],"shouldDisplayMessage":false,"stepsCount":0,"attachmentsCount":0,"hasContent":false},{"name":"$(\"By.xpath: //input[@id='identifierId']\") press enter()","time":{"start":1719809822066,"stop":1719809822138,"duration":72},"status":"passed","steps":[],"attachments":[],"parameters":[],"shouldDisplayMessage":false,"stepsCount":0,"attachmentsCount":0,"hasContent":false},{"name":"$(\"By.xpath: //input[@name='Passwd']\") should be(visible)","time":{"start":1719809825138,"stop":1719809835402,"duration":10264},"status":"failed","statusMessage":"Element not found {By.xpath: //input[@name='Passwd']}\nExpected: visible\nPage source: file:/home/runner/work/MyNewAutoTests/MyNewAutoTests/app/build/reports/tests/1719809835293.1.html\nTimeout: 10 s.\nCaused by: NoSuchElementException: no such element: Unable to locate element: {\"method\":\"xpath\",\"selector\":\"//input[@name='Passwd']\"}","statusTrace":"Element not found {By.xpath: //input[@name='Passwd']}\nExpected: visible\nPage source: file:/home/runner/work/MyNewAutoTests/MyNewAutoTests/app/build/reports/tests/1719809835293.1.html\nTimeout: 10 s.\nCaused by: NoSuchElementException: no such element: Unable to locate element: {\"method\":\"xpath\",\"selector\":\"//input[@name='Passwd']\"}\n\tat com.codeborne.selenide.impl.WebElementSource.createElementNotFoundError(WebElementSource.java:91)\n\tat com.codeborne.selenide.impl.ElementFinder.createElementNotFoundError(ElementFinder.java:142)\n\tat com.codeborne.selenide.impl.WebElementSource.handleError(WebElementSource.java:143)\n\tat com.codeborne.selenide.impl.WebElementSource.checkConditionAndReturnElement(WebElementSource.java:127)\n\tat com.codeborne.selenide.impl.WebElementSource.checkCondition(WebElementSource.java:104)\n\tat com.codeborne.selenide.commands.Should.execute(Should.java:30)\n\tat com.codeborne.selenide.commands.Should.execute(Should.java:14)\n\tat com.codeborne.selenide.commands.Commands.execute(Commands.java:164)\n\tat com.codeborne.selenide.impl.SelenideElementProxy.dispatchAndRetry(SelenideElementProxy.java:132)\n\tat com.codeborne.selenide.impl.SelenideElementProxy.invoke(SelenideElementProxy.java:84)\n\tat jdk.proxy2/jdk.proxy2.$Proxy35.shouldBe(Unknown Source)\n\tat app.pages.signup.GoogleSignUpPage.setPassword(GoogleSignUpPage.java:24)\n\tat UtilityLinkToSocial.linkToSocial(UtilityLinkToSocial.java:18)\n\tat SocialLinkingTests.checkStudentLinkToGoogle(SocialLinkingTests.java:25)\n\tat java.base/jdk.internal.reflect.NativeMethodAccessorImpl.invoke0(Native Method)\n\tat java.base/jdk.internal.reflect.NativeMethodAccessorImpl.invoke(NativeMethodAccessorImpl.java:77)\n\tat java.base/jdk.internal.reflect.DelegatingMethodAccessorImpl.invoke(DelegatingMethodAccessorImpl.java:43)\n\tat java.base/java.lang.reflect.Method.invoke(Method.java:568)\n\tat org.testng.internal.invokers.MethodInvocationHelper.invokeMethod(MethodInvocationHelper.java:139)\n\tat org.testng.internal.invokers.TestInvoker.invokeMethod(TestInvoker.java:664)\n\tat org.testng.internal.invokers.TestInvoker.invokeTestMethod(TestInvoker.java:227)\n\tat org.testng.internal.invokers.MethodRunner.runInSequence(MethodRunner.java:50)\n\tat org.testng.internal.invokers.TestInvoker$MethodInvocationAgent.invoke(TestInvoker.java:957)\n\tat org.testng.internal.invokers.TestInvoker.invokeTestMethods(TestInvoker.java:200)\n\tat org.testng.internal.invokers.TestMethodWorker.invokeTestMethods(TestMethodWorker.java:148)\n\tat org.testng.internal.invokers.TestMethodWorker.run(TestMethodWorker.java:128)\n\tat java.base/java.util.ArrayList.forEach(ArrayList.java:1511)\n\tat org.testng.TestRunner.privateRun(TestRunner.java:848)\n\tat org.testng.TestRunner.run(TestRunner.java:621)\n\tat org.testng.SuiteRunner.runTest(SuiteRunner.java:443)\n\tat org.testng.SuiteRunner.runSequentially(SuiteRunner.java:437)\n\tat org.testng.SuiteRunner.privateRun(SuiteRunner.java:397)\n\tat org.testng.SuiteRunner.run(SuiteRunner.java:336)\n\tat org.testng.SuiteRunnerWorker.runSuite(SuiteRunnerWorker.java:52)\n\tat org.testng.SuiteRunnerWorker.run(SuiteRunnerWorker.java:95)\n\tat org.testng.TestNG.runSuitesSequentially(TestNG.java:1280)\n\tat org.testng.TestNG.runSuitesLocally(TestNG.java:1200)\n\tat org.testng.TestNG.runSuites(TestNG.java:1114)\n\tat org.testng.TestNG.run(TestNG.java:1082)\n\tat org.gradle.api.internal.tasks.testing.testng.TestNGTestClassProcessor.runTests(TestNGTestClassProcessor.java:145)\n\tat org.gradle.api.internal.tasks.testing.testng.TestNGTestClassProcessor.stop(TestNGTestClassProcessor.java:92)\n\tat org.gradle.api.internal.tasks.testing.SuiteTestClassProcessor.stop(SuiteTestClassProcessor.java:62)\n\tat java.base/jdk.internal.reflect.NativeMethodAccessorImpl.invoke0(Native Method)\n\tat java.base/jdk.internal.reflect.NativeMethodAccessorImpl.invoke(NativeMethodAccessorImpl.java:77)\n\tat java.base/jdk.internal.reflect.DelegatingMethodAccessorImpl.invoke(DelegatingMethodAccessorImpl.java:43)\n\tat java.base/java.lang.reflect.Method.invoke(Method.java:568)\n\tat org.gradle.internal.dispatch.ReflectionDispatch.dispatch(ReflectionDispatch.java:36)\n\tat org.gradle.internal.dispatch.ReflectionDispatch.dispatch(ReflectionDispatch.java:24)\n\tat org.gradle.internal.dispatch.ContextClassLoaderDispatch.dispatch(ContextClassLoaderDispatch.java:33)\n\tat org.gradle.internal.dispatch.ProxyDispatchAdapter$DispatchingInvocationHandler.invoke(ProxyDispatchAdapter.java:94)\n\tat jdk.proxy1/jdk.proxy1.$Proxy2.stop(Unknown Source)\n\tat org.gradle.api.internal.tasks.testing.worker.TestWorker$3.run(TestWorker.java:193)\n\tat org.gradle.api.internal.tasks.testing.worker.TestWorker.executeAndMaintainThreadName(TestWorker.java:129)\n\tat org.gradle.api.internal.tasks.testing.worker.TestWorker.execute(TestWorker.java:100)\n\tat org.gradle.api.internal.tasks.testing.worker.TestWorker.execute(TestWorker.java:60)\n\tat org.gradle.process.internal.worker.child.ActionExecutionWorker.execute(ActionExecutionWorker.java:56)\n\tat org.gradle.process.internal.worker.child.SystemApplicationClassLoaderWorker.call(SystemApplicationClassLoaderWorker.java:113)\n\tat org.gradle.process.internal.worker.child.SystemApplicationClassLoaderWorker.call(SystemApplicationClassLoaderWorker.java:65)\n\tat worker.org.gradle.process.internal.worker.GradleWorkerMain.run(GradleWorkerMain.java:69)\n\tat worker.org.gradle.process.internal.worker.GradleWorkerMain.main(GradleWorkerMain.java:74)\nCaused by: org.openqa.selenium.NoSuchElementException: no such element: Unable to locate element: {\"method\":\"xpath\",\"selector\":\"//input[@name='Passwd']\"}\n  (Session info: chrome=126.0.6478.126)\nFor documentation on this error, please visit: https://www.selenium.dev/documentation/webdriver/troubleshooting/errors#no-such-element-exception\nBuild info: version: '4.12.1', revision: '8e34639b11'\nSystem info: os.name: 'Linux', os.arch: 'amd64', os.version: '6.5.0-1022-azure', java.version: '17.0.10'\nDriver info: org.openqa.selenium.chrome.ChromeDriver\nCommand: [0bd545a25e0bbbf0588b93b86f501b9f, findElement {using=xpath, value=//input[@name='Passwd']}]\nCapabilities {acceptInsecureCerts: true, browserName: chrome, browserVersion: 126.0.6478.126, chrome: {chromedriverVersion: 126.0.6478.126 (d36ace6122e..., userDataDir: /tmp/.org.chromium.Chromium...}, fedcm:accounts: true, goog:chromeOptions: {debuggerAddress: localhost:34117}, networkConnectionEnabled: false, pageLoadStrategy: none, platformName: linux, proxy: Proxy(), se:cdp: ws://localhost:34117/devtoo..., se:cdpVersion: 126.0.6478.126, setWindowRect: true, strictFileInteractability: false, timeouts: {implicit: 0, pageLoad: 300000, script: 30000}, unhandledPromptBehavior: accept, webauthn:extension:credBlob: true, webauthn:extension:largeBlob: true, webauthn:extension:minPinLength: true, webauthn:extension:prf: true, webauthn:virtualAuthenticators: true}\nSession ID: 0bd545a25e0bbbf0588b93b86f501b9f\n\tat jdk.internal.reflect.GeneratedConstructorAccessor29.newInstance(Unknown Source)\n\tat java.base/jdk.internal.reflect.DelegatingConstructorAccessorImpl.newInstance(DelegatingConstructorAccessorImpl.java:45)\n\tat java.base/java.lang.reflect.Constructor.newInstanceWithCaller(Constructor.java:499)\n\tat java.base/java.lang.reflect.Constructor.newInstance(Constructor.java:480)\n\tat org.openqa.selenium.remote.codec.w3c.W3CHttpResponseCodec.createException(W3CHttpResponseCodec.java:200)\n\tat org.openqa.selenium.remote.codec.w3c.W3CHttpResponseCodec.decode(W3CHttpResponseCodec.java:133)\n\tat org.openqa.selenium.remote.codec.w3c.W3CHttpResponseCodec.decode(W3CHttpResponseCodec.java:52)\n\tat org.openqa.selenium.remote.HttpCommandExecutor.execute(HttpCommandExecutor.java:191)\n\tat org.openqa.selenium.remote.service.DriverCommandExecutor.invokeExecute(DriverCommandExecutor.java:196)\n\tat org.openqa.selenium.remote.service.DriverCommandExecutor.execute(DriverCommandExecutor.java:171)\n\tat org.openqa.selenium.remote.RemoteWebDriver.execute(RemoteWebDriver.java:602)\n\tat org.openqa.selenium.remote.ElementLocation$ElementFinder$2.findElement(ElementLocation.java:165)\n\tat org.openqa.selenium.remote.ElementLocation.findElement(ElementLocation.java:59)\n\tat org.openqa.selenium.remote.RemoteWebDriver.findElement(RemoteWebDriver.java:359)\n\tat org.openqa.selenium.remote.RemoteWebDriver.findElement(RemoteWebDriver.java:353)\n\tat com.codeborne.selenide.impl.WebElementSelector.findElement(WebElementSelector.java:70)\n\tat com.codeborne.selenide.impl.WebElementSelector.findElement(WebElementSelector.java:44)\n\tat com.codeborne.selenide.impl.WebElementSelector.findElement(WebElementSelector.java:33)\n\tat com.codeborne.selenide.impl.ElementFinder.getWebElement(ElementFinder.java:122)\n\tat com.codeborne.selenide.impl.WebElementSource.checkConditionAndReturnElement(WebElementSource.java:116)\n\t... 56 more\n","steps":[],"attachments":[{"uid":"ecfe5e3e1d93b49b","name":"Screenshot","source":"ecfe5e3e1d93b49b.png","type":"image/png","size":34274},{"uid":"f8b5c12d74107b50","name":"Page source","source":"f8b5c12d74107b50.html","type":"text/html","size":51365}],"parameters":[],"shouldDisplayMessage":true,"stepsCount":0,"attachmentsCount":2,"hasContent":true},{"name":"$(\"open\") https://bo2.readtheory.org/users","time":{"start":1719809835403,"stop":1719809835406,"duration":3},"status":"passed","steps":[],"attachments":[],"parameters":[],"shouldDisplayMessage":false,"stepsCount":0,"attachmentsCount":0,"hasContent":false},{"name":"$(\"body > amplify-authenticator > amplify-sign-in\") should be(visible)","time":{"start":1719809838406,"stop":1719809838423,"duration":17},"status":"passed","steps":[],"attachments":[],"parameters":[],"shouldDisplayMessage":false,"stepsCount":0,"attachmentsCount":0,"hasContent":false},{"name":"$(\"By.xpath: //div[@class='v-input v-input--hide-details theme--light v-text-field v-text-field--single-line v-text-field--is-booted']//div[@class='v-text-field__slot']/input\") should be(visible)","time":{"start":1719809843427,"stop":1719809843443,"duration":16},"status":"passed","steps":[],"attachments":[],"parameters":[],"shouldDisplayMessage":false,"stepsCount":0,"attachmentsCount":0,"hasContent":false},{"name":"$(\"By.xpath: //div[@class='v-input v-input--hide-details theme--light v-text-field v-text-field--single-line v-text-field--is-booted']//div[@class='v-text-field__slot']/input\") send keys(NewStudentAutotest3912)","time":{"start":1719809843443,"stop":1719809843585,"duration":142},"status":"passed","steps":[],"attachments":[],"parameters":[],"shouldDisplayMessage":false,"stepsCount":0,"attachmentsCount":0,"hasContent":false},{"name":"$(\"By.xpath: //tr[2]//td[9]//button[4]\") should be([visible, 40 s.])","time":{"start":1719809845586,"stop":1719809845607,"duration":21},"status":"passed","steps":[],"attachments":[],"parameters":[],"shouldDisplayMessage":false,"stepsCount":0,"attachmentsCount":0,"hasContent":false},{"name":"$(\"By.xpath: //tr[2]//td[9]//button[4]\") click()","time":{"start":1719809845608,"stop":1719809845658,"duration":50},"status":"passed","steps":[],"attachments":[],"parameters":[],"shouldDisplayMessage":false,"stepsCount":0,"attachmentsCount":0,"hasContent":false},{"name":"$(\"By.xpath: /html[1]/body[1]/amplify-authenticator[1]/div[1]/div[3]/div[1]/div[1]/div[3]/div[2]/div[1]/div[1]/div[1]/div[1]/input[1]\") should be(visible)","time":{"start":1719809845658,"stop":1719809845935,"duration":277},"status":"passed","steps":[],"attachments":[],"parameters":[],"shouldDisplayMessage":false,"stepsCount":0,"attachmentsCount":0,"hasContent":false},{"name":"$(\"By.xpath: /html[1]/body[1]/amplify-authenticator[1]/div[1]/div[3]/div[1]/div[1]/div[3]/div[2]/div[1]/div[1]/div[1]/div[1]/input[1]\") get wrapped element()","time":{"start":1719809845935,"stop":1719809845941,"duration":6},"status":"passed","steps":[],"attachments":[],"parameters":[],"shouldDisplayMessage":false,"stepsCount":0,"attachmentsCount":0,"hasContent":false},{"name":"$(\"By.xpath: //span[contains(text(),'Yes')]\") should be(visible)","time":{"start":1719809845947,"stop":1719809845962,"duration":15},"status":"passed","steps":[],"attachments":[],"parameters":[],"shouldDisplayMessage":false,"stepsCount":0,"attachmentsCount":0,"hasContent":false},{"name":"$(\"By.xpath: //span[contains(text(),'Yes')]\") click()","time":{"start":1719809845962,"stop":1719809846018,"duration":56},"status":"passed","steps":[],"attachments":[],"parameters":[],"shouldDisplayMessage":false,"stepsCount":0,"attachmentsCount":0,"hasContent":false},{"name":"$(\"By.xpath: //div[@class='v-alert__content']\") should have(text \"NewStudentAutotest3912\")","time":{"start":1719809846018,"stop":1719809846249,"duration":231},"status":"passed","steps":[],"attachments":[],"parameters":[],"shouldDisplayMessage":false,"stepsCount":0,"attachmentsCount":0,"hasContent":false}],"attachments":[],"parameters":[],"shouldDisplayMessage":false,"stepsCount":41,"attachmentsCount":2,"hasContent":true},"afterStages":[{"name":"clearCookies","time":{"start":1719809846254,"stop":1719809846612,"duration":358},"description":"","status":"passed","steps":[{"name":"$(\"open\") https://readtheory.org","time":{"start":1719809846254,"stop":1719809846261,"duration":7},"status":"passed","steps":[],"attachments":[],"parameters":[],"shouldDisplayMessage":false,"stepsCount":0,"attachmentsCount":0,"hasContent":false},{"name":"$(\"clearCookies\") ","time":{"start":1719809846261,"stop":1719809846367,"duration":106},"status":"passed","steps":[],"attachments":[],"parameters":[],"shouldDisplayMessage":false,"stepsCount":0,"attachmentsCount":0,"hasContent":false},{"name":"$(\"open\") https://bo2.readtheory.org/users","time":{"start":1719809846373,"stop":1719809846377,"duration":4},"status":"passed","steps":[],"attachments":[],"parameters":[],"shouldDisplayMessage":false,"stepsCount":0,"attachmentsCount":0,"hasContent":false},{"name":"$(\"clearCookies\") ","time":{"start":1719809846377,"stop":1719809846458,"duration":81},"status":"passed","steps":[],"attachments":[],"parameters":[],"shouldDisplayMessage":false,"stepsCount":0,"attachmentsCount":0,"hasContent":false},{"name":"$(\"webdriver\") close()","time":{"start":1719809846461,"stop":1719809846612,"duration":151},"status":"passed","steps":[],"attachments":[],"parameters":[],"shouldDisplayMessage":false,"stepsCount":0,"attachmentsCount":0,"hasContent":false}],"attachments":[],"parameters":[],"shouldDisplayMessage":false,"stepsCount":5,"attachmentsCount":0,"hasContent":true}],"labels":[{"name":"package","value":"SocialLinkingTests"},{"name":"testClass","value":"SocialLinkingTests"},{"name":"testMethod","value":"checkStudentLinkToGoogle"},{"name":"parentSuite","value":"Gradle suite"},{"name":"suite","value":"Gradle test"},{"name":"subSuite","value":"SocialLinkingTests"},{"name":"host","value":"fv-az564-422"},{"name":"thread","value":"2292@fv-az564-422.Test worker(1)"},{"name":"framework","value":"testng"},{"name":"language","value":"java"},{"name":"epic","value":"Login"},{"name":"feature","value":"StudentSignUp"},{"name":"severity","value":"critical"},{"name":"resultFormat","value":"allure2"}],"parameters":[],"links":[],"hidden":false,"retry":false,"extra":{"severity":"critical","retries":[],"categories":[{"name":"Product defects","matchedStatuses":[],"flaky":false}],"history":{"statistic":{"failed":26,"broken":0,"skipped":0,"passed":0,"unknown":0,"total":26},"items":[{"uid":"ed685a5046d02950","reportUrl":"https://VerNataliia.github.io/MyNewAutoTests/54//#testresult/ed685a5046d02950","status":"failed","statusDetails":"Element not found {By.xpath: //input[@name='Passwd']}\nExpected: visible\nPage source: file:/home/runner/work/MyNewAutoTests/MyNewAutoTests/app/build/reports/tests/1719723439398.2.html\nTimeout: 10 s.\nCaused by: NoSuchElementException: no such element: Unable to locate element: {\"method\":\"xpath\",\"selector\":\"//input[@name='Passwd']\"}","time":{"start":1719723411708,"stop":1719723450544,"duration":38836}},{"uid":"98b68dccf2fdadb7","reportUrl":"https://VerNataliia.github.io/MyNewAutoTests/53//#testresult/98b68dccf2fdadb7","status":"failed","statusDetails":"Element should have text \"Let the learning begin!\" {By.xpath: //h1}\nElement: '<h1 class=\"page-title\" data-v-0c8fe760 data-v-5832fb98 data-v-5b71ea1b>Create your student account</h1>'\nActual value: text=\"Create your student account\"\nPage source: file:/home/runner/work/MyNewAutoTests/MyNewAutoTests/app/build/reports/tests/1719550553196.1.html\nTimeout: 10 s.","time":{"start":1719550535701,"stop":1719550561513,"duration":25812}},{"uid":"e7e9da849b1bc4e9","reportUrl":"https://VerNataliia.github.io/MyNewAutoTests/52//#testresult/e7e9da849b1bc4e9","status":"failed","statusDetails":"Element not found {By.xpath: //input[@name='Passwd']}\nExpected: visible\nPage source: file:/home/runner/work/MyNewAutoTests/MyNewAutoTests/app/build/reports/tests/1719464111853.2.html\nTimeout: 10 s.\nCaused by: NoSuchElementException: no such element: Unable to locate element: {\"method\":\"xpath\",\"selector\":\"//input[@name='Passwd']\"}","time":{"start":1719464084499,"stop":1719464122791,"duration":38292}},{"uid":"99fbdbd39028acf2","reportUrl":"https://VerNataliia.github.io/MyNewAutoTests/51//#testresult/99fbdbd39028acf2","status":"failed","statusDetails":"Element not found {By.xpath: //input[@name='Passwd']}\nExpected: visible\nPage source: file:/home/runner/work/MyNewAutoTests/MyNewAutoTests/app/build/reports/tests/1719377783867.1.html\nTimeout: 10 s.\nCaused by: NoSuchElementException: no such element: Unable to locate element: {\"method\":\"xpath\",\"selector\":\"//input[@name='Passwd']\"}","time":{"start":1719377756790,"stop":1719377794808,"duration":38018}},{"uid":"50ea526154a2f3fe","reportUrl":"https://VerNataliia.github.io/MyNewAutoTests/50//#testresult/50ea526154a2f3fe","status":"failed","statusDetails":"Element not found {By.xpath: //input[@name='Passwd']}\nExpected: visible\nPage source: file:/home/runner/work/MyNewAutoTests/MyNewAutoTests/app/build/reports/tests/1719291400071.2.html\nTimeout: 10 s.\nCaused by: NoSuchElementException: no such element: Unable to locate element: {\"method\":\"xpath\",\"selector\":\"//input[@name='Passwd']\"}","time":{"start":1719291372761,"stop":1719291411220,"duration":38459}},{"uid":"dce563e7a1e34661","reportUrl":"https://VerNataliia.github.io/MyNewAutoTests/49//#testresult/dce563e7a1e34661","status":"failed","statusDetails":"Element not found {By.xpath: //input[@name='Passwd']}\nExpected: visible\nPage source: file:/home/runner/work/MyNewAutoTests/MyNewAutoTests/app/build/reports/tests/1719204989838.1.html\nTimeout: 10 s.\nCaused by: NoSuchElementException: no such element: Unable to locate element: {\"method\":\"xpath\",\"selector\":\"//input[@name='Passwd']\"}","time":{"start":1719204962686,"stop":1719205000810,"duration":38124}},{"uid":"42b4b40adacacc7a","reportUrl":"https://VerNataliia.github.io/MyNewAutoTests/48//#testresult/42b4b40adacacc7a","status":"failed","statusDetails":"Element not found {By.xpath: //input[@name='Passwd']}\nExpected: visible\nPage source: file:/home/runner/work/MyNewAutoTests/MyNewAutoTests/app/build/reports/tests/1719118593166.2.html\nTimeout: 10 s.\nCaused by: NoSuchElementException: no such element: Unable to locate element: {\"method\":\"xpath\",\"selector\":\"//input[@name='Passwd']\"}","time":{"start":1719118566000,"stop":1719118604098,"duration":38098}},{"uid":"c7fee173eedbb273","reportUrl":"https://VerNataliia.github.io/MyNewAutoTests/47//#testresult/c7fee173eedbb273","status":"failed","statusDetails":"Element not found {By.xpath: //input[@name='Passwd']}\nExpected: visible\nPage source: file:/home/runner/work/MyNewAutoTests/MyNewAutoTests/app/build/reports/tests/1718945702683.2.html\nTimeout: 10 s.\nCaused by: NoSuchElementException: no such element: Unable to locate element: {\"method\":\"xpath\",\"selector\":\"//input[@name='Passwd']\"}","time":{"start":1718945675410,"stop":1718945713817,"duration":38407}},{"uid":"f057a744acb0cb","reportUrl":"https://VerNataliia.github.io/MyNewAutoTests/46//#testresult/f057a744acb0cb","status":"failed","statusDetails":"Element not found {By.xpath: //input[@name='Passwd']}\nExpected: visible\nPage source: file:/home/runner/work/MyNewAutoTests/MyNewAutoTests/app/build/reports/tests/1718859452484.2.html\nTimeout: 10 s.\nCaused by: NoSuchElementException: no such element: Unable to locate element: {\"method\":\"xpath\",\"selector\":\"//input[@name='Passwd']\"}","time":{"start":1718859424877,"stop":1718859463424,"duration":38547}},{"uid":"1e7b66b0fd7ff0a3","reportUrl":"https://VerNataliia.github.io/MyNewAutoTests/45//#testresult/1e7b66b0fd7ff0a3","status":"failed","statusDetails":"Element not found {By.xpath: //input[@name='Passwd']}\nExpected: visible\nPage source: file:/home/runner/work/MyNewAutoTests/MyNewAutoTests/app/build/reports/tests/1718772773847.3.html\nTimeout: 10 s.\nCaused by: NoSuchElementException: no such element: Unable to locate element: {\"method\":\"xpath\",\"selector\":\"//input[@name='Passwd']\"}","time":{"start":1718772746502,"stop":1718772784824,"duration":38322}},{"uid":"cf85c48455b71424","reportUrl":"https://VerNataliia.github.io/MyNewAutoTests/44//#testresult/cf85c48455b71424","status":"failed","statusDetails":"Element not found {By.xpath: //input[@name='Passwd']}\nExpected: visible\nPage source: file:/home/runner/work/MyNewAutoTests/MyNewAutoTests/app/build/reports/tests/1718686635328.1.html\nTimeout: 10 s.\nCaused by: NoSuchElementException: no such element: Unable to locate element: {\"method\":\"xpath\",\"selector\":\"//input[@name='Passwd']\"}","time":{"start":1718686608398,"stop":1718686646291,"duration":37893}},{"uid":"264c128e5917cd8","reportUrl":"https://VerNataliia.github.io/MyNewAutoTests/43//#testresult/264c128e5917cd8","status":"failed","statusDetails":"Element not found {By.xpath: //input[@name='Passwd']}\nExpected: visible\nPage source: file:/home/runner/work/MyNewAutoTests/MyNewAutoTests/app/build/reports/tests/1718600146369.1.html\nTimeout: 10 s.\nCaused by: NoSuchElementException: no such element: Unable to locate element: {\"method\":\"xpath\",\"selector\":\"//input[@name='Passwd']\"}","time":{"start":1718600119247,"stop":1718600157313,"duration":38066}},{"uid":"b5c565bf2887cb3c","reportUrl":"https://VerNataliia.github.io/MyNewAutoTests/42//#testresult/b5c565bf2887cb3c","status":"failed","statusDetails":"Element not found {By.xpath: //input[@name='Passwd']}\nExpected: visible\nPage source: file:/home/runner/work/MyNewAutoTests/MyNewAutoTests/app/build/reports/tests/1718513793885.1.html\nTimeout: 10 s.\nCaused by: NoSuchElementException: no such element: Unable to locate element: {\"method\":\"xpath\",\"selector\":\"//input[@name='Passwd']\"}","time":{"start":1718513766695,"stop":1718513804845,"duration":38150}},{"uid":"a38df4db01711dad","reportUrl":"https://VerNataliia.github.io/MyNewAutoTests/41//#testresult/a38df4db01711dad","status":"failed","statusDetails":"Element not found {By.xpath: //input[@name='Passwd']}\nExpected: visible\nPage source: file:/home/runner/work/MyNewAutoTests/MyNewAutoTests/app/build/reports/tests/1718341015407.1.html\nTimeout: 10 s.\nCaused by: NoSuchElementException: no such element: Unable to locate element: {\"method\":\"xpath\",\"selector\":\"//input[@name='Passwd']\"}","time":{"start":1718340988259,"stop":1718341026344,"duration":38085}},{"uid":"b235ec3ad82123d5","reportUrl":"https://VerNataliia.github.io/MyNewAutoTests/40//#testresult/b235ec3ad82123d5","status":"failed","statusDetails":"Element not found {By.xpath: //input[@name='Passwd']}\nExpected: visible\nPage source: file:/home/runner/work/MyNewAutoTests/MyNewAutoTests/app/build/reports/tests/1718254431530.3.html\nTimeout: 10 s.\nCaused by: NoSuchElementException: no such element: Unable to locate element: {\"method\":\"xpath\",\"selector\":\"//input[@name='Passwd']\"}","time":{"start":1718254404092,"stop":1718254442467,"duration":38375}},{"uid":"9e2d43de54fe4e0d","reportUrl":"https://VerNataliia.github.io/MyNewAutoTests/39//#testresult/9e2d43de54fe4e0d","status":"failed","statusDetails":"Element not found {By.xpath: //input[@name='Passwd']}\nExpected: visible\nPage source: file:/home/runner/work/MyNewAutoTests/MyNewAutoTests/app/build/reports/tests/1718168199692.1.html\nTimeout: 10 s.\nCaused by: NoSuchElementException: no such element: Unable to locate element: {\"method\":\"xpath\",\"selector\":\"//input[@name='Passwd']\"}","time":{"start":1718168172555,"stop":1718168210629,"duration":38074}},{"uid":"27c30156c6075e64","reportUrl":"https://VerNataliia.github.io/MyNewAutoTests/38//#testresult/27c30156c6075e64","status":"failed","statusDetails":"Element not found {By.xpath: //input[@name='Passwd']}\nExpected: visible\nPage source: file:/home/runner/work/MyNewAutoTests/MyNewAutoTests/app/build/reports/tests/1718081720646.2.html\nTimeout: 10 s.\nCaused by: NoSuchElementException: no such element: Unable to locate element: {\"method\":\"xpath\",\"selector\":\"//input[@name='Passwd']\"}","time":{"start":1718081693712,"stop":1718081731619,"duration":37907}},{"uid":"310593767bb2a8a4","reportUrl":"https://VerNataliia.github.io/MyNewAutoTests/37//#testresult/310593767bb2a8a4","status":"failed","statusDetails":"Element not found {By.xpath: //input[@name='Passwd']}\nExpected: visible\nPage source: file:/home/runner/work/MyNewAutoTests/MyNewAutoTests/app/build/reports/tests/1717994371186.21.html\nTimeout: 10 s.\nCaused by: NoSuchElementException: no such element: Unable to locate element: {\"method\":\"xpath\",\"selector\":\"//input[@name='Passwd']\"}","time":{"start":1717994343765,"stop":1717994421721,"duration":77956}},{"uid":"3dc0ccdd68032b1c","reportUrl":"https://VerNataliia.github.io/MyNewAutoTests/36//#testresult/3dc0ccdd68032b1c","status":"failed","statusDetails":"Element not found {By.xpath: //input[@name='Passwd']}\nExpected: visible\nPage source: file:/home/runner/work/MyNewAutoTests/MyNewAutoTests/app/build/reports/tests/1717907812178.21.html\nTimeout: 10 s.\nCaused by: NoSuchElementException: no such element: Unable to locate element: {\"method\":\"xpath\",\"selector\":\"//input[@name='Passwd']\"}","time":{"start":1717907784998,"stop":1717907862795,"duration":77797}},{"uid":"5223c9a880e7d26c","reportUrl":"https://VerNataliia.github.io/MyNewAutoTests/35//#testresult/5223c9a880e7d26c","status":"failed","statusDetails":"Element not found {By.xpath: //input[@name='Passwd']}\nExpected: visible\nPage source: file:/home/runner/work/MyNewAutoTests/MyNewAutoTests/app/build/reports/tests/1717736120512.1.html\nTimeout: 10 s.\nCaused by: NoSuchElementException: no such element: Unable to locate element: {\"method\":\"xpath\",\"selector\":\"//input[@name='Passwd']\"}","time":{"start":1717736093081,"stop":1717736131476,"duration":38395}}]},"tags":[]},"source":"452898cb9ac345b8.json","parameterValues":[]}