{"uid":"2ed541ac5cda0aac","name":"Verify if students can complete specific passage activity","fullName":"ActivityTests.studentCanCompleteSpecificPassageActivity","historyId":"99d78a73f959e3db19c639a6ff2312ed","time":{"start":1717993229888,"stop":1717993263205,"duration":33317},"description":"Check if teacher can create an activity, activity is started and new student can complete pretest, start activity, complete next quiz and complete activity","descriptionHtml":"<p>Check if teacher can create an activity, activity is started and new student can complete pretest, start activity, complete next quiz and complete activity</p>\n","status":"failed","statusMessage":"Element not found {By.xpath: //div[@class='v-data-table__wrapper']//table//tbody/tr.findBy(text \"NewTeacherAutotest990459554\")}\nExpected: clickable: interactable and enabled\nPage source: file:/home/runner/work/MyNewAutoTests/MyNewAutoTests/app/build/reports/tests/1717993262914.0.html\nTimeout: 10 s.\nCaused by: NoSuchElementException: Cannot locate an element By.xpath: //div[@class='v-data-table__wrapper']//table//tbody/tr.findBy(text \"NewTeacherAutotest990459554\")","statusTrace":"Element not found {By.xpath: //div[@class='v-data-table__wrapper']//table//tbody/tr.findBy(text \"NewTeacherAutotest990459554\")}\nExpected: clickable: interactable and enabled\nPage source: file:/home/runner/work/MyNewAutoTests/MyNewAutoTests/app/build/reports/tests/1717993262914.0.html\nTimeout: 10 s.\nCaused by: NoSuchElementException: Cannot locate an element By.xpath: //div[@class='v-data-table__wrapper']//table//tbody/tr.findBy(text \"NewTeacherAutotest990459554\")\n\tat com.codeborne.selenide.impl.WebElementSource.createElementNotFoundError(WebElementSource.java:91)\n\tat com.codeborne.selenide.impl.WebElementSource.handleError(WebElementSource.java:143)\n\tat com.codeborne.selenide.impl.WebElementSource.checkConditionAndReturnElement(WebElementSource.java:127)\n\tat com.codeborne.selenide.impl.WebElementSource.findAndAssertElementIsClickable(WebElementSource.java:173)\n\tat com.codeborne.selenide.commands.Click.findElement(Click.java:46)\n\tat com.codeborne.selenide.commands.Click.execute(Click.java:28)\n\tat com.codeborne.selenide.commands.Click.execute(Click.java:21)\n\tat com.codeborne.selenide.commands.Commands.execute(Commands.java:164)\n\tat com.codeborne.selenide.impl.SelenideElementProxy.dispatchAndRetry(SelenideElementProxy.java:132)\n\tat com.codeborne.selenide.impl.SelenideElementProxy.invoke(SelenideElementProxy.java:84)\n\tat jdk.proxy2/jdk.proxy2.$Proxy35.click(Unknown Source)\n\tat app.pages.BO.BO.selectUser(BO.java:106)\n\tat UtilityBOActions.makeTeacherPremium(UtilityBOActions.java:27)\n\tat ActivityTests.studentCanCompleteSpecificPassageActivity(ActivityTests.java:201)\n\tat java.base/jdk.internal.reflect.NativeMethodAccessorImpl.invoke0(Native Method)\n\tat java.base/jdk.internal.reflect.NativeMethodAccessorImpl.invoke(NativeMethodAccessorImpl.java:77)\n\tat java.base/jdk.internal.reflect.DelegatingMethodAccessorImpl.invoke(DelegatingMethodAccessorImpl.java:43)\n\tat java.base/java.lang.reflect.Method.invoke(Method.java:568)\n\tat org.testng.internal.invokers.MethodInvocationHelper.invokeMethod(MethodInvocationHelper.java:139)\n\tat org.testng.internal.invokers.TestInvoker.invokeMethod(TestInvoker.java:664)\n\tat org.testng.internal.invokers.TestInvoker.invokeTestMethod(TestInvoker.java:227)\n\tat org.testng.internal.invokers.MethodRunner.runInSequence(MethodRunner.java:50)\n\tat org.testng.internal.invokers.TestInvoker$MethodInvocationAgent.invoke(TestInvoker.java:957)\n\tat org.testng.internal.invokers.TestInvoker.invokeTestMethods(TestInvoker.java:200)\n\tat org.testng.internal.invokers.TestMethodWorker.invokeTestMethods(TestMethodWorker.java:148)\n\tat org.testng.internal.invokers.TestMethodWorker.run(TestMethodWorker.java:128)\n\tat java.base/java.util.ArrayList.forEach(ArrayList.java:1511)\n\tat org.testng.TestRunner.privateRun(TestRunner.java:848)\n\tat org.testng.TestRunner.run(TestRunner.java:621)\n\tat org.testng.SuiteRunner.runTest(SuiteRunner.java:443)\n\tat org.testng.SuiteRunner.runSequentially(SuiteRunner.java:437)\n\tat org.testng.SuiteRunner.privateRun(SuiteRunner.java:397)\n\tat org.testng.SuiteRunner.run(SuiteRunner.java:336)\n\tat org.testng.SuiteRunnerWorker.runSuite(SuiteRunnerWorker.java:52)\n\tat org.testng.SuiteRunnerWorker.run(SuiteRunnerWorker.java:95)\n\tat org.testng.TestNG.runSuitesSequentially(TestNG.java:1280)\n\tat org.testng.TestNG.runSuitesLocally(TestNG.java:1200)\n\tat org.testng.TestNG.runSuites(TestNG.java:1114)\n\tat org.testng.TestNG.run(TestNG.java:1082)\n\tat org.gradle.api.internal.tasks.testing.testng.TestNGTestClassProcessor.runTests(TestNGTestClassProcessor.java:145)\n\tat org.gradle.api.internal.tasks.testing.testng.TestNGTestClassProcessor.stop(TestNGTestClassProcessor.java:92)\n\tat org.gradle.api.internal.tasks.testing.SuiteTestClassProcessor.stop(SuiteTestClassProcessor.java:62)\n\tat java.base/jdk.internal.reflect.NativeMethodAccessorImpl.invoke0(Native Method)\n\tat java.base/jdk.internal.reflect.NativeMethodAccessorImpl.invoke(NativeMethodAccessorImpl.java:77)\n\tat java.base/jdk.internal.reflect.DelegatingMethodAccessorImpl.invoke(DelegatingMethodAccessorImpl.java:43)\n\tat java.base/java.lang.reflect.Method.invoke(Method.java:568)\n\tat org.gradle.internal.dispatch.ReflectionDispatch.dispatch(ReflectionDispatch.java:36)\n\tat org.gradle.internal.dispatch.ReflectionDispatch.dispatch(ReflectionDispatch.java:24)\n\tat org.gradle.internal.dispatch.ContextClassLoaderDispatch.dispatch(ContextClassLoaderDispatch.java:33)\n\tat org.gradle.internal.dispatch.ProxyDispatchAdapter$DispatchingInvocationHandler.invoke(ProxyDispatchAdapter.java:94)\n\tat jdk.proxy1/jdk.proxy1.$Proxy2.stop(Unknown Source)\n\tat org.gradle.api.internal.tasks.testing.worker.TestWorker$3.run(TestWorker.java:193)\n\tat org.gradle.api.internal.tasks.testing.worker.TestWorker.executeAndMaintainThreadName(TestWorker.java:129)\n\tat org.gradle.api.internal.tasks.testing.worker.TestWorker.execute(TestWorker.java:100)\n\tat org.gradle.api.internal.tasks.testing.worker.TestWorker.execute(TestWorker.java:60)\n\tat org.gradle.process.internal.worker.child.ActionExecutionWorker.execute(ActionExecutionWorker.java:56)\n\tat org.gradle.process.internal.worker.child.SystemApplicationClassLoaderWorker.call(SystemApplicationClassLoaderWorker.java:113)\n\tat org.gradle.process.internal.worker.child.SystemApplicationClassLoaderWorker.call(SystemApplicationClassLoaderWorker.java:65)\n\tat worker.org.gradle.process.internal.worker.GradleWorkerMain.run(GradleWorkerMain.java:69)\n\tat worker.org.gradle.process.internal.worker.GradleWorkerMain.main(GradleWorkerMain.java:74)\nCaused by: org.openqa.selenium.NoSuchElementException: Cannot locate an element By.xpath: //div[@class='v-data-table__wrapper']//table//tbody/tr.findBy(text \"NewTeacherAutotest990459554\")\nFor documentation on this error, please visit: https://www.selenium.dev/documentation/webdriver/troubleshooting/errors#no-such-element-exception\nBuild info: version: '4.12.1', revision: '8e34639b11'\nSystem info: os.name: 'Linux', os.arch: 'amd64', os.version: '6.5.0-1021-azure', java.version: '17.0.10'\nDriver info: driver.version: unknown\n\tat com.codeborne.selenide.impl.CollectionElementByCondition.getWebElement(CollectionElementByCondition.java:55)\n\tat com.codeborne.selenide.impl.WebElementSource.checkConditionAndReturnElement(WebElementSource.java:116)\n\t... 57 more\n","flaky":false,"newFailed":false,"newBroken":false,"newPassed":false,"retriesCount":0,"retriesStatusChange":false,"beforeStages":[{"name":"setUp","time":{"start":1717993229590,"stop":1717993229869,"duration":279},"description":"","status":"passed","steps":[],"attachments":[],"parameters":[],"shouldDisplayMessage":false,"stepsCount":0,"attachmentsCount":0,"hasContent":false}],"testStage":{"description":"Check if teacher can create an activity, activity is started and new student can complete pretest, start activity, complete next quiz and complete activity","status":"failed","statusMessage":"Element not found {By.xpath: //div[@class='v-data-table__wrapper']//table//tbody/tr.findBy(text \"NewTeacherAutotest990459554\")}\nExpected: clickable: interactable and enabled\nPage source: file:/home/runner/work/MyNewAutoTests/MyNewAutoTests/app/build/reports/tests/1717993262914.0.html\nTimeout: 10 s.\nCaused by: NoSuchElementException: Cannot locate an element By.xpath: //div[@class='v-data-table__wrapper']//table//tbody/tr.findBy(text \"NewTeacherAutotest990459554\")","statusTrace":"Element not found {By.xpath: //div[@class='v-data-table__wrapper']//table//tbody/tr.findBy(text \"NewTeacherAutotest990459554\")}\nExpected: clickable: interactable and enabled\nPage source: file:/home/runner/work/MyNewAutoTests/MyNewAutoTests/app/build/reports/tests/1717993262914.0.html\nTimeout: 10 s.\nCaused by: NoSuchElementException: Cannot locate an element By.xpath: //div[@class='v-data-table__wrapper']//table//tbody/tr.findBy(text \"NewTeacherAutotest990459554\")\n\tat com.codeborne.selenide.impl.WebElementSource.createElementNotFoundError(WebElementSource.java:91)\n\tat com.codeborne.selenide.impl.WebElementSource.handleError(WebElementSource.java:143)\n\tat com.codeborne.selenide.impl.WebElementSource.checkConditionAndReturnElement(WebElementSource.java:127)\n\tat com.codeborne.selenide.impl.WebElementSource.findAndAssertElementIsClickable(WebElementSource.java:173)\n\tat com.codeborne.selenide.commands.Click.findElement(Click.java:46)\n\tat com.codeborne.selenide.commands.Click.execute(Click.java:28)\n\tat com.codeborne.selenide.commands.Click.execute(Click.java:21)\n\tat com.codeborne.selenide.commands.Commands.execute(Commands.java:164)\n\tat com.codeborne.selenide.impl.SelenideElementProxy.dispatchAndRetry(SelenideElementProxy.java:132)\n\tat com.codeborne.selenide.impl.SelenideElementProxy.invoke(SelenideElementProxy.java:84)\n\tat jdk.proxy2/jdk.proxy2.$Proxy35.click(Unknown Source)\n\tat app.pages.BO.BO.selectUser(BO.java:106)\n\tat UtilityBOActions.makeTeacherPremium(UtilityBOActions.java:27)\n\tat ActivityTests.studentCanCompleteSpecificPassageActivity(ActivityTests.java:201)\n\tat java.base/jdk.internal.reflect.NativeMethodAccessorImpl.invoke0(Native Method)\n\tat java.base/jdk.internal.reflect.NativeMethodAccessorImpl.invoke(NativeMethodAccessorImpl.java:77)\n\tat java.base/jdk.internal.reflect.DelegatingMethodAccessorImpl.invoke(DelegatingMethodAccessorImpl.java:43)\n\tat java.base/java.lang.reflect.Method.invoke(Method.java:568)\n\tat org.testng.internal.invokers.MethodInvocationHelper.invokeMethod(MethodInvocationHelper.java:139)\n\tat org.testng.internal.invokers.TestInvoker.invokeMethod(TestInvoker.java:664)\n\tat org.testng.internal.invokers.TestInvoker.invokeTestMethod(TestInvoker.java:227)\n\tat org.testng.internal.invokers.MethodRunner.runInSequence(MethodRunner.java:50)\n\tat org.testng.internal.invokers.TestInvoker$MethodInvocationAgent.invoke(TestInvoker.java:957)\n\tat org.testng.internal.invokers.TestInvoker.invokeTestMethods(TestInvoker.java:200)\n\tat org.testng.internal.invokers.TestMethodWorker.invokeTestMethods(TestMethodWorker.java:148)\n\tat org.testng.internal.invokers.TestMethodWorker.run(TestMethodWorker.java:128)\n\tat java.base/java.util.ArrayList.forEach(ArrayList.java:1511)\n\tat org.testng.TestRunner.privateRun(TestRunner.java:848)\n\tat org.testng.TestRunner.run(TestRunner.java:621)\n\tat org.testng.SuiteRunner.runTest(SuiteRunner.java:443)\n\tat org.testng.SuiteRunner.runSequentially(SuiteRunner.java:437)\n\tat org.testng.SuiteRunner.privateRun(SuiteRunner.java:397)\n\tat org.testng.SuiteRunner.run(SuiteRunner.java:336)\n\tat org.testng.SuiteRunnerWorker.runSuite(SuiteRunnerWorker.java:52)\n\tat org.testng.SuiteRunnerWorker.run(SuiteRunnerWorker.java:95)\n\tat org.testng.TestNG.runSuitesSequentially(TestNG.java:1280)\n\tat org.testng.TestNG.runSuitesLocally(TestNG.java:1200)\n\tat org.testng.TestNG.runSuites(TestNG.java:1114)\n\tat org.testng.TestNG.run(TestNG.java:1082)\n\tat org.gradle.api.internal.tasks.testing.testng.TestNGTestClassProcessor.runTests(TestNGTestClassProcessor.java:145)\n\tat org.gradle.api.internal.tasks.testing.testng.TestNGTestClassProcessor.stop(TestNGTestClassProcessor.java:92)\n\tat org.gradle.api.internal.tasks.testing.SuiteTestClassProcessor.stop(SuiteTestClassProcessor.java:62)\n\tat java.base/jdk.internal.reflect.NativeMethodAccessorImpl.invoke0(Native Method)\n\tat java.base/jdk.internal.reflect.NativeMethodAccessorImpl.invoke(NativeMethodAccessorImpl.java:77)\n\tat java.base/jdk.internal.reflect.DelegatingMethodAccessorImpl.invoke(DelegatingMethodAccessorImpl.java:43)\n\tat java.base/java.lang.reflect.Method.invoke(Method.java:568)\n\tat org.gradle.internal.dispatch.ReflectionDispatch.dispatch(ReflectionDispatch.java:36)\n\tat org.gradle.internal.dispatch.ReflectionDispatch.dispatch(ReflectionDispatch.java:24)\n\tat org.gradle.internal.dispatch.ContextClassLoaderDispatch.dispatch(ContextClassLoaderDispatch.java:33)\n\tat org.gradle.internal.dispatch.ProxyDispatchAdapter$DispatchingInvocationHandler.invoke(ProxyDispatchAdapter.java:94)\n\tat jdk.proxy1/jdk.proxy1.$Proxy2.stop(Unknown Source)\n\tat org.gradle.api.internal.tasks.testing.worker.TestWorker$3.run(TestWorker.java:193)\n\tat org.gradle.api.internal.tasks.testing.worker.TestWorker.executeAndMaintainThreadName(TestWorker.java:129)\n\tat org.gradle.api.internal.tasks.testing.worker.TestWorker.execute(TestWorker.java:100)\n\tat org.gradle.api.internal.tasks.testing.worker.TestWorker.execute(TestWorker.java:60)\n\tat org.gradle.process.internal.worker.child.ActionExecutionWorker.execute(ActionExecutionWorker.java:56)\n\tat org.gradle.process.internal.worker.child.SystemApplicationClassLoaderWorker.call(SystemApplicationClassLoaderWorker.java:113)\n\tat org.gradle.process.internal.worker.child.SystemApplicationClassLoaderWorker.call(SystemApplicationClassLoaderWorker.java:65)\n\tat worker.org.gradle.process.internal.worker.GradleWorkerMain.run(GradleWorkerMain.java:69)\n\tat worker.org.gradle.process.internal.worker.GradleWorkerMain.main(GradleWorkerMain.java:74)\nCaused by: org.openqa.selenium.NoSuchElementException: Cannot locate an element By.xpath: //div[@class='v-data-table__wrapper']//table//tbody/tr.findBy(text \"NewTeacherAutotest990459554\")\nFor documentation on this error, please visit: https://www.selenium.dev/documentation/webdriver/troubleshooting/errors#no-such-element-exception\nBuild info: version: '4.12.1', revision: '8e34639b11'\nSystem info: os.name: 'Linux', os.arch: 'amd64', os.version: '6.5.0-1021-azure', java.version: '17.0.10'\nDriver info: driver.version: unknown\n\tat com.codeborne.selenide.impl.CollectionElementByCondition.getWebElement(CollectionElementByCondition.java:55)\n\tat com.codeborne.selenide.impl.WebElementSource.checkConditionAndReturnElement(WebElementSource.java:116)\n\t... 57 more\n","steps":[{"name":"$(\"open\") https://readtheory.org/app/sign-up/role","time":{"start":1717993229894,"stop":1717993236402,"duration":6508},"status":"passed","steps":[{"name":"$(\"webdriver\") create()","time":{"start":1717993229901,"stop":1717993236394,"duration":6493},"status":"passed","steps":[],"attachments":[],"parameters":[],"shouldDisplayMessage":false,"stepsCount":0,"attachmentsCount":0,"hasContent":false}],"attachments":[],"parameters":[],"shouldDisplayMessage":false,"stepsCount":1,"attachmentsCount":0,"hasContent":true},{"name":"$(\"By.tagName: h1\") should have(text \"Welcome to ReadTheory!\")","time":{"start":1717993236423,"stop":1717993237643,"duration":1220},"status":"passed","steps":[],"attachments":[],"parameters":[],"shouldDisplayMessage":false,"stepsCount":0,"attachmentsCount":0,"hasContent":false},{"name":"$(\"By.xpath: //body//figure[2]\") should be(visible)","time":{"start":1717993237643,"stop":1717993237668,"duration":25},"status":"passed","steps":[],"attachments":[],"parameters":[],"shouldDisplayMessage":false,"stepsCount":0,"attachmentsCount":0,"hasContent":false},{"name":"$(\"By.xpath: //body//figure[2]\") click()","time":{"start":1717993237668,"stop":1717993237762,"duration":94},"status":"passed","steps":[],"attachments":[],"parameters":[],"shouldDisplayMessage":false,"stepsCount":0,"attachmentsCount":0,"hasContent":false},{"name":"$(\"By.tagName: h1\") should have(text \"Create your teacher account\")","time":{"start":1717993237763,"stop":1717993237853,"duration":90},"status":"passed","steps":[],"attachments":[],"parameters":[],"shouldDisplayMessage":false,"stepsCount":0,"attachmentsCount":0,"hasContent":false},{"name":"$(\"By.xpath: //input[@placeholder='Username']\") should be(visible)","time":{"start":1717993237853,"stop":1717993237871,"duration":18},"status":"passed","steps":[],"attachments":[],"parameters":[],"shouldDisplayMessage":false,"stepsCount":0,"attachmentsCount":0,"hasContent":false},{"name":"$(\"By.xpath: //input[@placeholder='Username']\") send keys(NewTeacherAutotest990459554)","time":{"start":1717993237871,"stop":1717993237946,"duration":75},"status":"passed","steps":[],"attachments":[],"parameters":[],"shouldDisplayMessage":false,"stepsCount":0,"attachmentsCount":0,"hasContent":false},{"name":"$(\"By.xpath: //input[@placeholder='Password']\") should be(visible)","time":{"start":1717993237947,"stop":1717993238067,"duration":120},"status":"passed","steps":[],"attachments":[],"parameters":[],"shouldDisplayMessage":false,"stepsCount":0,"attachmentsCount":0,"hasContent":false},{"name":"$(\"By.xpath: //input[@placeholder='Password']\") send keys(12345qwert6926)","time":{"start":1717993238067,"stop":1717993238123,"duration":56},"status":"passed","steps":[],"attachments":[],"parameters":[],"shouldDisplayMessage":false,"stepsCount":0,"attachmentsCount":0,"hasContent":false},{"name":"$(\"By.xpath: //div[@class='primary-button']\") should be(visible)","time":{"start":1717993238123,"stop":1717993238145,"duration":22},"status":"passed","steps":[],"attachments":[],"parameters":[],"shouldDisplayMessage":false,"stepsCount":0,"attachmentsCount":0,"hasContent":false},{"name":"$(\"By.xpath: //div[@class='primary-button']\") click()","time":{"start":1717993238145,"stop":1717993238195,"duration":50},"status":"passed","steps":[],"attachments":[],"parameters":[],"shouldDisplayMessage":false,"stepsCount":0,"attachmentsCount":0,"hasContent":false},{"name":"$(\"By.tagName: h1\") should be(visible)","time":{"start":1717993238199,"stop":1717993238219,"duration":20},"status":"passed","steps":[],"attachments":[],"parameters":[],"shouldDisplayMessage":false,"stepsCount":0,"attachmentsCount":0,"hasContent":false},{"name":"$(\"By.tagName: h1\") should have(text \"Personal Details\")","time":{"start":1717993238219,"stop":1717993239717,"duration":1498},"status":"passed","steps":[],"attachments":[],"parameters":[],"shouldDisplayMessage":false,"stepsCount":0,"attachmentsCount":0,"hasContent":false},{"name":"$(\"By.xpath: //input[contains(@placeholder,'First Name')]\") should be(visible)","time":{"start":1717993239717,"stop":1717993239734,"duration":17},"status":"passed","steps":[],"attachments":[],"parameters":[],"shouldDisplayMessage":false,"stepsCount":0,"attachmentsCount":0,"hasContent":false},{"name":"$(\"By.xpath: //input[contains(@placeholder,'First Name')]\") send keys(Deborah)","time":{"start":1717993239734,"stop":1717993239774,"duration":40},"status":"passed","steps":[],"attachments":[],"parameters":[],"shouldDisplayMessage":false,"stepsCount":0,"attachmentsCount":0,"hasContent":false},{"name":"$(\"By.xpath: //input[contains(@placeholder,'Last Name')]\") should be(visible)","time":{"start":1717993239775,"stop":1717993239798,"duration":23},"status":"passed","steps":[],"attachments":[],"parameters":[],"shouldDisplayMessage":false,"stepsCount":0,"attachmentsCount":0,"hasContent":false},{"name":"$(\"By.xpath: //input[contains(@placeholder,'Last Name')]\") send keys(Moore)","time":{"start":1717993239798,"stop":1717993239852,"duration":54},"status":"passed","steps":[],"attachments":[],"parameters":[],"shouldDisplayMessage":false,"stepsCount":0,"attachmentsCount":0,"hasContent":false},{"name":"$(\"#app > div.app-body > div > div > div.page-card__left-half > div > form > div:nth-of-type(2) > div > input\") should be(visible)","time":{"start":1717993239853,"stop":1717993239874,"duration":21},"status":"passed","steps":[],"attachments":[],"parameters":[],"shouldDisplayMessage":false,"stepsCount":0,"attachmentsCount":0,"hasContent":false},{"name":"$(\"#app > div.app-body > div > div > div.page-card__left-half > div > form > div:nth-of-type(2) > div > input\") get wrapped element()","time":{"start":1717993239874,"stop":1717993239880,"duration":6},"status":"passed","steps":[],"attachments":[],"parameters":[],"shouldDisplayMessage":false,"stepsCount":0,"attachmentsCount":0,"hasContent":false},{"name":"$(\"By.xpath: //input[contains(@placeholder,'Email')]\") should be(visible)","time":{"start":1717993239884,"stop":1717993239900,"duration":16},"status":"passed","steps":[],"attachments":[],"parameters":[],"shouldDisplayMessage":false,"stepsCount":0,"attachmentsCount":0,"hasContent":false},{"name":"$(\"By.xpath: //input[contains(@placeholder,'Email')]\") send keys(autoTestTeacher1646189@gmail.com)","time":{"start":1717993239900,"stop":1717993239981,"duration":81},"status":"passed","steps":[],"attachments":[],"parameters":[],"shouldDisplayMessage":false,"stepsCount":0,"attachmentsCount":0,"hasContent":false},{"name":"$(\"By.xpath: //div[@class='primary-button']\") should be(visible)","time":{"start":1717993239981,"stop":1717993240001,"duration":20},"status":"passed","steps":[],"attachments":[],"parameters":[],"shouldDisplayMessage":false,"stepsCount":0,"attachmentsCount":0,"hasContent":false},{"name":"$(\"By.xpath: //div[@class='primary-button']\") click()","time":{"start":1717993240001,"stop":1717993240091,"duration":90},"status":"passed","steps":[],"attachments":[],"parameters":[],"shouldDisplayMessage":false,"stepsCount":0,"attachmentsCount":0,"hasContent":false},{"name":"$(\"By.xpath: //input[@placeholder='Search for your school']\") should be(visible)","time":{"start":1717993242092,"stop":1717993242108,"duration":16},"status":"passed","steps":[],"attachments":[],"parameters":[],"shouldDisplayMessage":false,"stepsCount":0,"attachmentsCount":0,"hasContent":false},{"name":"$(\"By.xpath: //input[@placeholder='Search for your school']\") send keys(School)","time":{"start":1717993242108,"stop":1717993242154,"duration":46},"status":"passed","steps":[],"attachments":[],"parameters":[],"shouldDisplayMessage":false,"stepsCount":0,"attachmentsCount":0,"hasContent":false},{"name":"$(\"By.xpath: //div[@class='search-result-item']\") should have(size > 1)","time":{"start":1717993242165,"stop":1717993243226,"duration":1061},"status":"passed","steps":[],"attachments":[],"parameters":[],"shouldDisplayMessage":false,"stepsCount":0,"attachmentsCount":0,"hasContent":false},{"name":"$(\"By.xpath: //div[@class='search-result-item'][2]\") click()","time":{"start":1717993243232,"stop":1717993243282,"duration":50},"status":"passed","steps":[],"attachments":[],"parameters":[],"shouldDisplayMessage":false,"stepsCount":0,"attachmentsCount":0,"hasContent":false},{"name":"$(\"By.xpath: //h4\") should be(visible)","time":{"start":1717993243282,"stop":1717993243304,"duration":22},"status":"passed","steps":[],"attachments":[],"parameters":[],"shouldDisplayMessage":false,"stepsCount":0,"attachmentsCount":0,"hasContent":false},{"name":"$(\"By.xpath: //h4\") get text()","time":{"start":1717993243304,"stop":1717993243317,"duration":13},"status":"passed","steps":[],"attachments":[],"parameters":[],"shouldDisplayMessage":false,"stepsCount":0,"attachmentsCount":0,"hasContent":false},{"name":"$(\"By.xpath: //div[@class='primary-button btn-continue']\") should be(enabled)","time":{"start":1717993243317,"stop":1717993243330,"duration":13},"status":"passed","steps":[],"attachments":[],"parameters":[],"shouldDisplayMessage":false,"stepsCount":0,"attachmentsCount":0,"hasContent":false},{"name":"$(\"By.xpath: //div[@class='primary-button btn-continue']\") click()","time":{"start":1717993243330,"stop":1717993243373,"duration":43},"status":"passed","steps":[],"attachments":[],"parameters":[],"shouldDisplayMessage":false,"stepsCount":0,"attachmentsCount":0,"hasContent":false},{"name":"$(\"By.xpath: //h1\") should be([visible, 20 s.])","time":{"start":1717993243377,"stop":1717993243394,"duration":17},"status":"passed","steps":[],"attachments":[],"parameters":[],"shouldDisplayMessage":false,"stepsCount":0,"attachmentsCount":0,"hasContent":false},{"name":"$(\"By.xpath: //h1\") should have(text \"My Classes\")","time":{"start":1717993243394,"stop":1717993244171,"duration":777},"status":"passed","steps":[],"attachments":[],"parameters":[],"shouldDisplayMessage":false,"stepsCount":0,"attachmentsCount":0,"hasContent":false},{"name":"$(\"By.xpath: //span[@class='user-name']\") should have(text \"Moore, Deborah\")","time":{"start":1717993244172,"stop":1717993244189,"duration":17},"status":"passed","steps":[],"attachments":[],"parameters":[],"shouldDisplayMessage":false,"stepsCount":0,"attachmentsCount":0,"hasContent":false},{"name":"$(\"By.xpath: //p[@class='classes-list-page__text']\") should be([visible, 20 s.])","time":{"start":1717993244190,"stop":1717993244631,"duration":441},"status":"passed","steps":[],"attachments":[],"parameters":[],"shouldDisplayMessage":false,"stepsCount":0,"attachmentsCount":0,"hasContent":false},{"name":"$(\"By.xpath: //p[@class='classes-list-page__text']\") should have(text \"First, create your class!\")","time":{"start":1717993244632,"stop":1717993244645,"duration":13},"status":"passed","steps":[],"attachments":[],"parameters":[],"shouldDisplayMessage":false,"stepsCount":0,"attachmentsCount":0,"hasContent":false},{"name":"$(\"open\") https://bo2.readtheory.org/users","time":{"start":1717993244645,"stop":1717993244649,"duration":4},"status":"passed","steps":[],"attachments":[],"parameters":[],"shouldDisplayMessage":false,"stepsCount":0,"attachmentsCount":0,"hasContent":false},{"name":"$(\"body > amplify-authenticator > amplify-sign-in\") should be(visible)","time":{"start":1717993247651,"stop":1717993247668,"duration":17},"status":"passed","steps":[],"attachments":[],"parameters":[],"shouldDisplayMessage":false,"stepsCount":0,"attachmentsCount":0,"hasContent":false},{"name":"$(\"By.xpath: //div[@class='v-input v-input--hide-details theme--light v-text-field v-text-field--single-line v-text-field--is-booted']//div[@class='v-text-field__slot']/input\") should be(visible)","time":{"start":1717993252673,"stop":1717993252690,"duration":17},"status":"passed","steps":[],"attachments":[],"parameters":[],"shouldDisplayMessage":false,"stepsCount":0,"attachmentsCount":0,"hasContent":false},{"name":"$(\"By.xpath: //div[@class='v-input v-input--hide-details theme--light v-text-field v-text-field--single-line v-text-field--is-booted']//div[@class='v-text-field__slot']/input\") send keys(NewTeacherAutotest990459554)","time":{"start":1717993252690,"stop":1717993252886,"duration":196},"status":"passed","steps":[],"attachments":[],"parameters":[],"shouldDisplayMessage":false,"stepsCount":0,"attachmentsCount":0,"hasContent":false},{"name":"$(\"By.xpath: //div[@class='v-data-table__wrapper']//table//tbody/tr.findBy(text \"NewTeacherAutotest990459554\")\") click()","time":{"start":1717993252887,"stop":1717993263201,"duration":10314},"status":"failed","statusMessage":"Element not found {By.xpath: //div[@class='v-data-table__wrapper']//table//tbody/tr.findBy(text \"NewTeacherAutotest990459554\")}\nExpected: clickable: interactable and enabled\nPage source: file:/home/runner/work/MyNewAutoTests/MyNewAutoTests/app/build/reports/tests/1717993262914.0.html\nTimeout: 10 s.\nCaused by: NoSuchElementException: Cannot locate an element By.xpath: //div[@class='v-data-table__wrapper']//table//tbody/tr.findBy(text \"NewTeacherAutotest990459554\")","statusTrace":"Element not found {By.xpath: //div[@class='v-data-table__wrapper']//table//tbody/tr.findBy(text \"NewTeacherAutotest990459554\")}\nExpected: clickable: interactable and enabled\nPage source: file:/home/runner/work/MyNewAutoTests/MyNewAutoTests/app/build/reports/tests/1717993262914.0.html\nTimeout: 10 s.\nCaused by: NoSuchElementException: Cannot locate an element By.xpath: //div[@class='v-data-table__wrapper']//table//tbody/tr.findBy(text \"NewTeacherAutotest990459554\")\n\tat com.codeborne.selenide.impl.WebElementSource.createElementNotFoundError(WebElementSource.java:91)\n\tat com.codeborne.selenide.impl.WebElementSource.handleError(WebElementSource.java:143)\n\tat com.codeborne.selenide.impl.WebElementSource.checkConditionAndReturnElement(WebElementSource.java:127)\n\tat com.codeborne.selenide.impl.WebElementSource.findAndAssertElementIsClickable(WebElementSource.java:173)\n\tat com.codeborne.selenide.commands.Click.findElement(Click.java:46)\n\tat com.codeborne.selenide.commands.Click.execute(Click.java:28)\n\tat com.codeborne.selenide.commands.Click.execute(Click.java:21)\n\tat com.codeborne.selenide.commands.Commands.execute(Commands.java:164)\n\tat com.codeborne.selenide.impl.SelenideElementProxy.dispatchAndRetry(SelenideElementProxy.java:132)\n\tat com.codeborne.selenide.impl.SelenideElementProxy.invoke(SelenideElementProxy.java:84)\n\tat jdk.proxy2/jdk.proxy2.$Proxy35.click(Unknown Source)\n\tat app.pages.BO.BO.selectUser(BO.java:106)\n\tat UtilityBOActions.makeTeacherPremium(UtilityBOActions.java:27)\n\tat ActivityTests.studentCanCompleteSpecificPassageActivity(ActivityTests.java:201)\n\tat java.base/jdk.internal.reflect.NativeMethodAccessorImpl.invoke0(Native Method)\n\tat java.base/jdk.internal.reflect.NativeMethodAccessorImpl.invoke(NativeMethodAccessorImpl.java:77)\n\tat java.base/jdk.internal.reflect.DelegatingMethodAccessorImpl.invoke(DelegatingMethodAccessorImpl.java:43)\n\tat java.base/java.lang.reflect.Method.invoke(Method.java:568)\n\tat org.testng.internal.invokers.MethodInvocationHelper.invokeMethod(MethodInvocationHelper.java:139)\n\tat org.testng.internal.invokers.TestInvoker.invokeMethod(TestInvoker.java:664)\n\tat org.testng.internal.invokers.TestInvoker.invokeTestMethod(TestInvoker.java:227)\n\tat org.testng.internal.invokers.MethodRunner.runInSequence(MethodRunner.java:50)\n\tat org.testng.internal.invokers.TestInvoker$MethodInvocationAgent.invoke(TestInvoker.java:957)\n\tat org.testng.internal.invokers.TestInvoker.invokeTestMethods(TestInvoker.java:200)\n\tat org.testng.internal.invokers.TestMethodWorker.invokeTestMethods(TestMethodWorker.java:148)\n\tat org.testng.internal.invokers.TestMethodWorker.run(TestMethodWorker.java:128)\n\tat java.base/java.util.ArrayList.forEach(ArrayList.java:1511)\n\tat org.testng.TestRunner.privateRun(TestRunner.java:848)\n\tat org.testng.TestRunner.run(TestRunner.java:621)\n\tat org.testng.SuiteRunner.runTest(SuiteRunner.java:443)\n\tat org.testng.SuiteRunner.runSequentially(SuiteRunner.java:437)\n\tat org.testng.SuiteRunner.privateRun(SuiteRunner.java:397)\n\tat org.testng.SuiteRunner.run(SuiteRunner.java:336)\n\tat org.testng.SuiteRunnerWorker.runSuite(SuiteRunnerWorker.java:52)\n\tat org.testng.SuiteRunnerWorker.run(SuiteRunnerWorker.java:95)\n\tat org.testng.TestNG.runSuitesSequentially(TestNG.java:1280)\n\tat org.testng.TestNG.runSuitesLocally(TestNG.java:1200)\n\tat org.testng.TestNG.runSuites(TestNG.java:1114)\n\tat org.testng.TestNG.run(TestNG.java:1082)\n\tat org.gradle.api.internal.tasks.testing.testng.TestNGTestClassProcessor.runTests(TestNGTestClassProcessor.java:145)\n\tat org.gradle.api.internal.tasks.testing.testng.TestNGTestClassProcessor.stop(TestNGTestClassProcessor.java:92)\n\tat org.gradle.api.internal.tasks.testing.SuiteTestClassProcessor.stop(SuiteTestClassProcessor.java:62)\n\tat java.base/jdk.internal.reflect.NativeMethodAccessorImpl.invoke0(Native Method)\n\tat java.base/jdk.internal.reflect.NativeMethodAccessorImpl.invoke(NativeMethodAccessorImpl.java:77)\n\tat java.base/jdk.internal.reflect.DelegatingMethodAccessorImpl.invoke(DelegatingMethodAccessorImpl.java:43)\n\tat java.base/java.lang.reflect.Method.invoke(Method.java:568)\n\tat org.gradle.internal.dispatch.ReflectionDispatch.dispatch(ReflectionDispatch.java:36)\n\tat org.gradle.internal.dispatch.ReflectionDispatch.dispatch(ReflectionDispatch.java:24)\n\tat org.gradle.internal.dispatch.ContextClassLoaderDispatch.dispatch(ContextClassLoaderDispatch.java:33)\n\tat org.gradle.internal.dispatch.ProxyDispatchAdapter$DispatchingInvocationHandler.invoke(ProxyDispatchAdapter.java:94)\n\tat jdk.proxy1/jdk.proxy1.$Proxy2.stop(Unknown Source)\n\tat org.gradle.api.internal.tasks.testing.worker.TestWorker$3.run(TestWorker.java:193)\n\tat org.gradle.api.internal.tasks.testing.worker.TestWorker.executeAndMaintainThreadName(TestWorker.java:129)\n\tat org.gradle.api.internal.tasks.testing.worker.TestWorker.execute(TestWorker.java:100)\n\tat org.gradle.api.internal.tasks.testing.worker.TestWorker.execute(TestWorker.java:60)\n\tat org.gradle.process.internal.worker.child.ActionExecutionWorker.execute(ActionExecutionWorker.java:56)\n\tat org.gradle.process.internal.worker.child.SystemApplicationClassLoaderWorker.call(SystemApplicationClassLoaderWorker.java:113)\n\tat org.gradle.process.internal.worker.child.SystemApplicationClassLoaderWorker.call(SystemApplicationClassLoaderWorker.java:65)\n\tat worker.org.gradle.process.internal.worker.GradleWorkerMain.run(GradleWorkerMain.java:69)\n\tat worker.org.gradle.process.internal.worker.GradleWorkerMain.main(GradleWorkerMain.java:74)\nCaused by: org.openqa.selenium.NoSuchElementException: Cannot locate an element By.xpath: //div[@class='v-data-table__wrapper']//table//tbody/tr.findBy(text \"NewTeacherAutotest990459554\")\nFor documentation on this error, please visit: https://www.selenium.dev/documentation/webdriver/troubleshooting/errors#no-such-element-exception\nBuild info: version: '4.12.1', revision: '8e34639b11'\nSystem info: os.name: 'Linux', os.arch: 'amd64', os.version: '6.5.0-1021-azure', java.version: '17.0.10'\nDriver info: driver.version: unknown\n\tat com.codeborne.selenide.impl.CollectionElementByCondition.getWebElement(CollectionElementByCondition.java:55)\n\tat com.codeborne.selenide.impl.WebElementSource.checkConditionAndReturnElement(WebElementSource.java:116)\n\t... 57 more\n","steps":[],"attachments":[{"uid":"d26452d26379289d","name":"Screenshot","source":"d26452d26379289d.png","type":"image/png","size":52316},{"uid":"ed25df0d16d9bca3","name":"Page source","source":"ed25df0d16d9bca3.html","type":"text/html","size":597816}],"parameters":[],"shouldDisplayMessage":true,"stepsCount":0,"attachmentsCount":2,"hasContent":true}],"attachments":[],"parameters":[],"shouldDisplayMessage":false,"stepsCount":42,"attachmentsCount":2,"hasContent":true},"afterStages":[{"name":"clearCookies","time":{"start":1717993263217,"stop":1717993263847,"duration":630},"description":"","status":"passed","steps":[{"name":"$(\"open\") https://readtheory.org","time":{"start":1717993263217,"stop":1717993263225,"duration":8},"status":"passed","steps":[],"attachments":[],"parameters":[],"shouldDisplayMessage":false,"stepsCount":0,"attachmentsCount":0,"hasContent":false},{"name":"$(\"clearCookies\") ","time":{"start":1717993263226,"stop":1717993263407,"duration":181},"status":"passed","steps":[],"attachments":[],"parameters":[],"shouldDisplayMessage":false,"stepsCount":0,"attachmentsCount":0,"hasContent":false},{"name":"$(\"open\") https://bo2.readtheory.org/users","time":{"start":1717993263410,"stop":1717993263413,"duration":3},"status":"passed","steps":[],"attachments":[],"parameters":[],"shouldDisplayMessage":false,"stepsCount":0,"attachmentsCount":0,"hasContent":false},{"name":"$(\"clearCookies\") ","time":{"start":1717993263413,"stop":1717993263687,"duration":274},"status":"passed","steps":[],"attachments":[],"parameters":[],"shouldDisplayMessage":false,"stepsCount":0,"attachmentsCount":0,"hasContent":false},{"name":"$(\"webdriver\") close()","time":{"start":1717993263692,"stop":1717993263847,"duration":155},"status":"passed","steps":[],"attachments":[],"parameters":[],"shouldDisplayMessage":false,"stepsCount":0,"attachmentsCount":0,"hasContent":false}],"attachments":[],"parameters":[],"shouldDisplayMessage":false,"stepsCount":5,"attachmentsCount":0,"hasContent":true}],"labels":[{"name":"package","value":"ActivityTests"},{"name":"testClass","value":"ActivityTests"},{"name":"testMethod","value":"studentCanCompleteSpecificPassageActivity"},{"name":"parentSuite","value":"Gradle suite"},{"name":"suite","value":"Gradle test"},{"name":"subSuite","value":"ActivityTests"},{"name":"host","value":"fv-az1493-588"},{"name":"thread","value":"2220@fv-az1493-588.Test worker(1)"},{"name":"framework","value":"testng"},{"name":"language","value":"java"},{"name":"feature","value":"Activity"},{"name":"epic","value":"StudentTask"},{"name":"severity","value":"critical"},{"name":"resultFormat","value":"allure2"}],"parameters":[],"links":[],"hidden":false,"retry":false,"extra":{"severity":"critical","retries":[],"categories":[{"name":"Product defects","matchedStatuses":[],"flaky":false}],"history":{"statistic":{"failed":2,"broken":0,"skipped":0,"passed":6,"unknown":0,"total":8},"items":[{"uid":"87fcc53a7359032e","reportUrl":"https://VerNataliia.github.io/MyNewAutoTests/36//#testresult/87fcc53a7359032e","status":"failed","statusDetails":"Element not found {By.xpath: //div[@class='v-data-table__wrapper']//table//tbody/tr.findBy(text \"NewTeacherAutotest405787108\")}\nExpected: clickable: interactable and enabled\nPage source: file:/home/runner/work/MyNewAutoTests/MyNewAutoTests/app/build/reports/tests/1717906740958.0.html\nTimeout: 10 s.\nCaused by: NoSuchElementException: Cannot locate an element By.xpath: //div[@class='v-data-table__wrapper']//table//tbody/tr.findBy(text \"NewTeacherAutotest405787108\")","time":{"start":1717906700690,"stop":1717906741246,"duration":40556}},{"uid":"6e515010fa2cfdd9","reportUrl":"https://VerNataliia.github.io/MyNewAutoTests/35//#testresult/6e515010fa2cfdd9","status":"passed","time":{"start":1717733943506,"stop":1717734910315,"duration":966809}},{"uid":"afda61794007e693","reportUrl":"https://VerNataliia.github.io/MyNewAutoTests/34//#testresult/afda61794007e693","status":"passed","time":{"start":1717647484957,"stop":1717648563168,"duration":1078211}},{"uid":"78483927bb47bb2b","reportUrl":"https://VerNataliia.github.io/MyNewAutoTests/33//#testresult/78483927bb47bb2b","status":"passed","time":{"start":1717561238907,"stop":1717562143543,"duration":904636}},{"uid":"f74da3cdd1c54445","reportUrl":"https://VerNataliia.github.io/MyNewAutoTests/32//#testresult/f74da3cdd1c54445","status":"passed","time":{"start":1717474664372,"stop":1717475702687,"duration":1038315}},{"uid":"754d63a35919f6aa","reportUrl":"https://VerNataliia.github.io/MyNewAutoTests/31//#testresult/754d63a35919f6aa","status":"passed","time":{"start":1717388411216,"stop":1717389341323,"duration":930107}},{"uid":"55083329004c4d35","reportUrl":"https://VerNataliia.github.io/MyNewAutoTests/30//#testresult/55083329004c4d35","status":"passed","time":{"start":1717301807059,"stop":1717302957848,"duration":1150789}}]},"tags":[]},"source":"2ed541ac5cda0aac.json","parameterValues":[]}