{"uid":"451f856fdc81311c","name":"Verify if a teacher can create competition activity","fullName":"ActivityTests.teacherCanCreateCompetitionActivity","historyId":"b78f4ee62bd2fd02f6eb68e8c8040a9c","time":{"start":1717993263861,"stop":1717993289678,"duration":25817},"description":"Check if an existing teacher can create competition activity with default settings","descriptionHtml":"<p>Check if an existing teacher can create competition activity with default settings</p>\n","status":"failed","statusMessage":"Element not found {By.xpath: //div[@class='v-data-table__wrapper']//table//tbody/tr.findBy(text \"NewTeacherAutotest631174643\")}\nExpected: clickable: interactable and enabled\nPage source: file:/home/runner/work/MyNewAutoTests/MyNewAutoTests/app/build/reports/tests/1717993289468.1.html\nTimeout: 10 s.\nCaused by: NoSuchElementException: Cannot locate an element By.xpath: //div[@class='v-data-table__wrapper']//table//tbody/tr.findBy(text \"NewTeacherAutotest631174643\")","statusTrace":"Element not found {By.xpath: //div[@class='v-data-table__wrapper']//table//tbody/tr.findBy(text \"NewTeacherAutotest631174643\")}\nExpected: clickable: interactable and enabled\nPage source: file:/home/runner/work/MyNewAutoTests/MyNewAutoTests/app/build/reports/tests/1717993289468.1.html\nTimeout: 10 s.\nCaused by: NoSuchElementException: Cannot locate an element By.xpath: //div[@class='v-data-table__wrapper']//table//tbody/tr.findBy(text \"NewTeacherAutotest631174643\")\n\tat com.codeborne.selenide.impl.WebElementSource.createElementNotFoundError(WebElementSource.java:91)\n\tat com.codeborne.selenide.impl.WebElementSource.handleError(WebElementSource.java:143)\n\tat com.codeborne.selenide.impl.WebElementSource.checkConditionAndReturnElement(WebElementSource.java:127)\n\tat com.codeborne.selenide.impl.WebElementSource.findAndAssertElementIsClickable(WebElementSource.java:173)\n\tat com.codeborne.selenide.commands.Click.findElement(Click.java:46)\n\tat com.codeborne.selenide.commands.Click.execute(Click.java:28)\n\tat com.codeborne.selenide.commands.Click.execute(Click.java:21)\n\tat com.codeborne.selenide.commands.Commands.execute(Commands.java:164)\n\tat com.codeborne.selenide.impl.SelenideElementProxy.dispatchAndRetry(SelenideElementProxy.java:132)\n\tat com.codeborne.selenide.impl.SelenideElementProxy.invoke(SelenideElementProxy.java:84)\n\tat jdk.proxy2/jdk.proxy2.$Proxy35.click(Unknown Source)\n\tat app.pages.BO.BO.selectUser(BO.java:106)\n\tat UtilityBOActions.makeTeacherPremium(UtilityBOActions.java:27)\n\tat ActivityTests.teacherCanCreateCompetitionActivity(ActivityTests.java:249)\n\tat java.base/jdk.internal.reflect.NativeMethodAccessorImpl.invoke0(Native Method)\n\tat java.base/jdk.internal.reflect.NativeMethodAccessorImpl.invoke(NativeMethodAccessorImpl.java:77)\n\tat java.base/jdk.internal.reflect.DelegatingMethodAccessorImpl.invoke(DelegatingMethodAccessorImpl.java:43)\n\tat java.base/java.lang.reflect.Method.invoke(Method.java:568)\n\tat org.testng.internal.invokers.MethodInvocationHelper.invokeMethod(MethodInvocationHelper.java:139)\n\tat org.testng.internal.invokers.TestInvoker.invokeMethod(TestInvoker.java:664)\n\tat org.testng.internal.invokers.TestInvoker.invokeTestMethod(TestInvoker.java:227)\n\tat org.testng.internal.invokers.MethodRunner.runInSequence(MethodRunner.java:50)\n\tat org.testng.internal.invokers.TestInvoker$MethodInvocationAgent.invoke(TestInvoker.java:957)\n\tat org.testng.internal.invokers.TestInvoker.invokeTestMethods(TestInvoker.java:200)\n\tat org.testng.internal.invokers.TestMethodWorker.invokeTestMethods(TestMethodWorker.java:148)\n\tat org.testng.internal.invokers.TestMethodWorker.run(TestMethodWorker.java:128)\n\tat java.base/java.util.ArrayList.forEach(ArrayList.java:1511)\n\tat org.testng.TestRunner.privateRun(TestRunner.java:848)\n\tat org.testng.TestRunner.run(TestRunner.java:621)\n\tat org.testng.SuiteRunner.runTest(SuiteRunner.java:443)\n\tat org.testng.SuiteRunner.runSequentially(SuiteRunner.java:437)\n\tat org.testng.SuiteRunner.privateRun(SuiteRunner.java:397)\n\tat org.testng.SuiteRunner.run(SuiteRunner.java:336)\n\tat org.testng.SuiteRunnerWorker.runSuite(SuiteRunnerWorker.java:52)\n\tat org.testng.SuiteRunnerWorker.run(SuiteRunnerWorker.java:95)\n\tat org.testng.TestNG.runSuitesSequentially(TestNG.java:1280)\n\tat org.testng.TestNG.runSuitesLocally(TestNG.java:1200)\n\tat org.testng.TestNG.runSuites(TestNG.java:1114)\n\tat org.testng.TestNG.run(TestNG.java:1082)\n\tat org.gradle.api.internal.tasks.testing.testng.TestNGTestClassProcessor.runTests(TestNGTestClassProcessor.java:145)\n\tat org.gradle.api.internal.tasks.testing.testng.TestNGTestClassProcessor.stop(TestNGTestClassProcessor.java:92)\n\tat org.gradle.api.internal.tasks.testing.SuiteTestClassProcessor.stop(SuiteTestClassProcessor.java:62)\n\tat java.base/jdk.internal.reflect.NativeMethodAccessorImpl.invoke0(Native Method)\n\tat java.base/jdk.internal.reflect.NativeMethodAccessorImpl.invoke(NativeMethodAccessorImpl.java:77)\n\tat java.base/jdk.internal.reflect.DelegatingMethodAccessorImpl.invoke(DelegatingMethodAccessorImpl.java:43)\n\tat java.base/java.lang.reflect.Method.invoke(Method.java:568)\n\tat org.gradle.internal.dispatch.ReflectionDispatch.dispatch(ReflectionDispatch.java:36)\n\tat org.gradle.internal.dispatch.ReflectionDispatch.dispatch(ReflectionDispatch.java:24)\n\tat org.gradle.internal.dispatch.ContextClassLoaderDispatch.dispatch(ContextClassLoaderDispatch.java:33)\n\tat org.gradle.internal.dispatch.ProxyDispatchAdapter$DispatchingInvocationHandler.invoke(ProxyDispatchAdapter.java:94)\n\tat jdk.proxy1/jdk.proxy1.$Proxy2.stop(Unknown Source)\n\tat org.gradle.api.internal.tasks.testing.worker.TestWorker$3.run(TestWorker.java:193)\n\tat org.gradle.api.internal.tasks.testing.worker.TestWorker.executeAndMaintainThreadName(TestWorker.java:129)\n\tat org.gradle.api.internal.tasks.testing.worker.TestWorker.execute(TestWorker.java:100)\n\tat org.gradle.api.internal.tasks.testing.worker.TestWorker.execute(TestWorker.java:60)\n\tat org.gradle.process.internal.worker.child.ActionExecutionWorker.execute(ActionExecutionWorker.java:56)\n\tat org.gradle.process.internal.worker.child.SystemApplicationClassLoaderWorker.call(SystemApplicationClassLoaderWorker.java:113)\n\tat org.gradle.process.internal.worker.child.SystemApplicationClassLoaderWorker.call(SystemApplicationClassLoaderWorker.java:65)\n\tat worker.org.gradle.process.internal.worker.GradleWorkerMain.run(GradleWorkerMain.java:69)\n\tat worker.org.gradle.process.internal.worker.GradleWorkerMain.main(GradleWorkerMain.java:74)\nCaused by: org.openqa.selenium.NoSuchElementException: Cannot locate an element By.xpath: //div[@class='v-data-table__wrapper']//table//tbody/tr.findBy(text \"NewTeacherAutotest631174643\")\nFor documentation on this error, please visit: https://www.selenium.dev/documentation/webdriver/troubleshooting/errors#no-such-element-exception\nBuild info: version: '4.12.1', revision: '8e34639b11'\nSystem info: os.name: 'Linux', os.arch: 'amd64', os.version: '6.5.0-1021-azure', java.version: '17.0.10'\nDriver info: driver.version: unknown\n\tat com.codeborne.selenide.impl.CollectionElementByCondition.getWebElement(CollectionElementByCondition.java:55)\n\tat com.codeborne.selenide.impl.WebElementSource.checkConditionAndReturnElement(WebElementSource.java:116)\n\t... 57 more\n","flaky":false,"newFailed":false,"newBroken":false,"newPassed":false,"retriesCount":0,"retriesStatusChange":false,"beforeStages":[{"name":"setUp","time":{"start":1717993229590,"stop":1717993229869,"duration":279},"description":"","status":"passed","steps":[],"attachments":[],"parameters":[],"shouldDisplayMessage":false,"stepsCount":0,"attachmentsCount":0,"hasContent":false}],"testStage":{"description":"Check if an existing teacher can create competition activity with default settings","status":"failed","statusMessage":"Element not found {By.xpath: //div[@class='v-data-table__wrapper']//table//tbody/tr.findBy(text \"NewTeacherAutotest631174643\")}\nExpected: clickable: interactable and enabled\nPage source: file:/home/runner/work/MyNewAutoTests/MyNewAutoTests/app/build/reports/tests/1717993289468.1.html\nTimeout: 10 s.\nCaused by: NoSuchElementException: Cannot locate an element By.xpath: //div[@class='v-data-table__wrapper']//table//tbody/tr.findBy(text \"NewTeacherAutotest631174643\")","statusTrace":"Element not found {By.xpath: //div[@class='v-data-table__wrapper']//table//tbody/tr.findBy(text \"NewTeacherAutotest631174643\")}\nExpected: clickable: interactable and enabled\nPage source: file:/home/runner/work/MyNewAutoTests/MyNewAutoTests/app/build/reports/tests/1717993289468.1.html\nTimeout: 10 s.\nCaused by: NoSuchElementException: Cannot locate an element By.xpath: //div[@class='v-data-table__wrapper']//table//tbody/tr.findBy(text \"NewTeacherAutotest631174643\")\n\tat com.codeborne.selenide.impl.WebElementSource.createElementNotFoundError(WebElementSource.java:91)\n\tat com.codeborne.selenide.impl.WebElementSource.handleError(WebElementSource.java:143)\n\tat com.codeborne.selenide.impl.WebElementSource.checkConditionAndReturnElement(WebElementSource.java:127)\n\tat com.codeborne.selenide.impl.WebElementSource.findAndAssertElementIsClickable(WebElementSource.java:173)\n\tat com.codeborne.selenide.commands.Click.findElement(Click.java:46)\n\tat com.codeborne.selenide.commands.Click.execute(Click.java:28)\n\tat com.codeborne.selenide.commands.Click.execute(Click.java:21)\n\tat com.codeborne.selenide.commands.Commands.execute(Commands.java:164)\n\tat com.codeborne.selenide.impl.SelenideElementProxy.dispatchAndRetry(SelenideElementProxy.java:132)\n\tat com.codeborne.selenide.impl.SelenideElementProxy.invoke(SelenideElementProxy.java:84)\n\tat jdk.proxy2/jdk.proxy2.$Proxy35.click(Unknown Source)\n\tat app.pages.BO.BO.selectUser(BO.java:106)\n\tat UtilityBOActions.makeTeacherPremium(UtilityBOActions.java:27)\n\tat ActivityTests.teacherCanCreateCompetitionActivity(ActivityTests.java:249)\n\tat java.base/jdk.internal.reflect.NativeMethodAccessorImpl.invoke0(Native Method)\n\tat java.base/jdk.internal.reflect.NativeMethodAccessorImpl.invoke(NativeMethodAccessorImpl.java:77)\n\tat java.base/jdk.internal.reflect.DelegatingMethodAccessorImpl.invoke(DelegatingMethodAccessorImpl.java:43)\n\tat java.base/java.lang.reflect.Method.invoke(Method.java:568)\n\tat org.testng.internal.invokers.MethodInvocationHelper.invokeMethod(MethodInvocationHelper.java:139)\n\tat org.testng.internal.invokers.TestInvoker.invokeMethod(TestInvoker.java:664)\n\tat org.testng.internal.invokers.TestInvoker.invokeTestMethod(TestInvoker.java:227)\n\tat org.testng.internal.invokers.MethodRunner.runInSequence(MethodRunner.java:50)\n\tat org.testng.internal.invokers.TestInvoker$MethodInvocationAgent.invoke(TestInvoker.java:957)\n\tat org.testng.internal.invokers.TestInvoker.invokeTestMethods(TestInvoker.java:200)\n\tat org.testng.internal.invokers.TestMethodWorker.invokeTestMethods(TestMethodWorker.java:148)\n\tat org.testng.internal.invokers.TestMethodWorker.run(TestMethodWorker.java:128)\n\tat java.base/java.util.ArrayList.forEach(ArrayList.java:1511)\n\tat org.testng.TestRunner.privateRun(TestRunner.java:848)\n\tat org.testng.TestRunner.run(TestRunner.java:621)\n\tat org.testng.SuiteRunner.runTest(SuiteRunner.java:443)\n\tat org.testng.SuiteRunner.runSequentially(SuiteRunner.java:437)\n\tat org.testng.SuiteRunner.privateRun(SuiteRunner.java:397)\n\tat org.testng.SuiteRunner.run(SuiteRunner.java:336)\n\tat org.testng.SuiteRunnerWorker.runSuite(SuiteRunnerWorker.java:52)\n\tat org.testng.SuiteRunnerWorker.run(SuiteRunnerWorker.java:95)\n\tat org.testng.TestNG.runSuitesSequentially(TestNG.java:1280)\n\tat org.testng.TestNG.runSuitesLocally(TestNG.java:1200)\n\tat org.testng.TestNG.runSuites(TestNG.java:1114)\n\tat org.testng.TestNG.run(TestNG.java:1082)\n\tat org.gradle.api.internal.tasks.testing.testng.TestNGTestClassProcessor.runTests(TestNGTestClassProcessor.java:145)\n\tat org.gradle.api.internal.tasks.testing.testng.TestNGTestClassProcessor.stop(TestNGTestClassProcessor.java:92)\n\tat org.gradle.api.internal.tasks.testing.SuiteTestClassProcessor.stop(SuiteTestClassProcessor.java:62)\n\tat java.base/jdk.internal.reflect.NativeMethodAccessorImpl.invoke0(Native Method)\n\tat java.base/jdk.internal.reflect.NativeMethodAccessorImpl.invoke(NativeMethodAccessorImpl.java:77)\n\tat java.base/jdk.internal.reflect.DelegatingMethodAccessorImpl.invoke(DelegatingMethodAccessorImpl.java:43)\n\tat java.base/java.lang.reflect.Method.invoke(Method.java:568)\n\tat org.gradle.internal.dispatch.ReflectionDispatch.dispatch(ReflectionDispatch.java:36)\n\tat org.gradle.internal.dispatch.ReflectionDispatch.dispatch(ReflectionDispatch.java:24)\n\tat org.gradle.internal.dispatch.ContextClassLoaderDispatch.dispatch(ContextClassLoaderDispatch.java:33)\n\tat org.gradle.internal.dispatch.ProxyDispatchAdapter$DispatchingInvocationHandler.invoke(ProxyDispatchAdapter.java:94)\n\tat jdk.proxy1/jdk.proxy1.$Proxy2.stop(Unknown Source)\n\tat org.gradle.api.internal.tasks.testing.worker.TestWorker$3.run(TestWorker.java:193)\n\tat org.gradle.api.internal.tasks.testing.worker.TestWorker.executeAndMaintainThreadName(TestWorker.java:129)\n\tat org.gradle.api.internal.tasks.testing.worker.TestWorker.execute(TestWorker.java:100)\n\tat org.gradle.api.internal.tasks.testing.worker.TestWorker.execute(TestWorker.java:60)\n\tat org.gradle.process.internal.worker.child.ActionExecutionWorker.execute(ActionExecutionWorker.java:56)\n\tat org.gradle.process.internal.worker.child.SystemApplicationClassLoaderWorker.call(SystemApplicationClassLoaderWorker.java:113)\n\tat org.gradle.process.internal.worker.child.SystemApplicationClassLoaderWorker.call(SystemApplicationClassLoaderWorker.java:65)\n\tat worker.org.gradle.process.internal.worker.GradleWorkerMain.run(GradleWorkerMain.java:69)\n\tat worker.org.gradle.process.internal.worker.GradleWorkerMain.main(GradleWorkerMain.java:74)\nCaused by: org.openqa.selenium.NoSuchElementException: Cannot locate an element By.xpath: //div[@class='v-data-table__wrapper']//table//tbody/tr.findBy(text \"NewTeacherAutotest631174643\")\nFor documentation on this error, please visit: https://www.selenium.dev/documentation/webdriver/troubleshooting/errors#no-such-element-exception\nBuild info: version: '4.12.1', revision: '8e34639b11'\nSystem info: os.name: 'Linux', os.arch: 'amd64', os.version: '6.5.0-1021-azure', java.version: '17.0.10'\nDriver info: driver.version: unknown\n\tat com.codeborne.selenide.impl.CollectionElementByCondition.getWebElement(CollectionElementByCondition.java:55)\n\tat com.codeborne.selenide.impl.WebElementSource.checkConditionAndReturnElement(WebElementSource.java:116)\n\t... 57 more\n","steps":[{"name":"$(\"open\") https://readtheory.org/app/sign-up/role","time":{"start":1717993263861,"stop":1717993264903,"duration":1042},"status":"passed","steps":[{"name":"$(\"webdriver\") create()","time":{"start":1717993263862,"stop":1717993264901,"duration":1039},"status":"passed","steps":[],"attachments":[],"parameters":[],"shouldDisplayMessage":false,"stepsCount":0,"attachmentsCount":0,"hasContent":false}],"attachments":[],"parameters":[],"shouldDisplayMessage":false,"stepsCount":1,"attachmentsCount":0,"hasContent":true},{"name":"$(\"By.tagName: h1\") should have(text \"Welcome to ReadTheory!\")","time":{"start":1717993264904,"stop":1717993265631,"duration":727},"status":"passed","steps":[],"attachments":[],"parameters":[],"shouldDisplayMessage":false,"stepsCount":0,"attachmentsCount":0,"hasContent":false},{"name":"$(\"By.xpath: //body//figure[2]\") should be(visible)","time":{"start":1717993265631,"stop":1717993265652,"duration":21},"status":"passed","steps":[],"attachments":[],"parameters":[],"shouldDisplayMessage":false,"stepsCount":0,"attachmentsCount":0,"hasContent":false},{"name":"$(\"By.xpath: //body//figure[2]\") click()","time":{"start":1717993265652,"stop":1717993265708,"duration":56},"status":"passed","steps":[],"attachments":[],"parameters":[],"shouldDisplayMessage":false,"stepsCount":0,"attachmentsCount":0,"hasContent":false},{"name":"$(\"By.tagName: h1\") should have(text \"Create your teacher account\")","time":{"start":1717993265709,"stop":1717993266012,"duration":303},"status":"passed","steps":[],"attachments":[],"parameters":[],"shouldDisplayMessage":false,"stepsCount":0,"attachmentsCount":0,"hasContent":false},{"name":"$(\"By.xpath: //input[@placeholder='Username']\") should be(visible)","time":{"start":1717993266012,"stop":1717993266025,"duration":13},"status":"passed","steps":[],"attachments":[],"parameters":[],"shouldDisplayMessage":false,"stepsCount":0,"attachmentsCount":0,"hasContent":false},{"name":"$(\"By.xpath: //input[@placeholder='Username']\") send keys(NewTeacherAutotest631174643)","time":{"start":1717993266025,"stop":1717993266083,"duration":58},"status":"passed","steps":[],"attachments":[],"parameters":[],"shouldDisplayMessage":false,"stepsCount":0,"attachmentsCount":0,"hasContent":false},{"name":"$(\"By.xpath: //input[@placeholder='Password']\") should be(visible)","time":{"start":1717993266083,"stop":1717993266108,"duration":25},"status":"passed","steps":[],"attachments":[],"parameters":[],"shouldDisplayMessage":false,"stepsCount":0,"attachmentsCount":0,"hasContent":false},{"name":"$(\"By.xpath: //input[@placeholder='Password']\") send keys(12345qwert2473)","time":{"start":1717993266108,"stop":1717993266160,"duration":52},"status":"passed","steps":[],"attachments":[],"parameters":[],"shouldDisplayMessage":false,"stepsCount":0,"attachmentsCount":0,"hasContent":false},{"name":"$(\"By.xpath: //div[@class='primary-button']\") should be(visible)","time":{"start":1717993266160,"stop":1717993266175,"duration":15},"status":"passed","steps":[],"attachments":[],"parameters":[],"shouldDisplayMessage":false,"stepsCount":0,"attachmentsCount":0,"hasContent":false},{"name":"$(\"By.xpath: //div[@class='primary-button']\") click()","time":{"start":1717993266175,"stop":1717993266230,"duration":55},"status":"passed","steps":[],"attachments":[],"parameters":[],"shouldDisplayMessage":false,"stepsCount":0,"attachmentsCount":0,"hasContent":false},{"name":"$(\"By.tagName: h1\") should be(visible)","time":{"start":1717993266230,"stop":1717993266243,"duration":13},"status":"passed","steps":[],"attachments":[],"parameters":[],"shouldDisplayMessage":false,"stepsCount":0,"attachmentsCount":0,"hasContent":false},{"name":"$(\"By.tagName: h1\") should have(text \"Personal Details\")","time":{"start":1717993266243,"stop":1717993267708,"duration":1465},"status":"passed","steps":[],"attachments":[],"parameters":[],"shouldDisplayMessage":false,"stepsCount":0,"attachmentsCount":0,"hasContent":false},{"name":"$(\"By.xpath: //input[contains(@placeholder,'First Name')]\") should be(visible)","time":{"start":1717993267708,"stop":1717993267724,"duration":16},"status":"passed","steps":[],"attachments":[],"parameters":[],"shouldDisplayMessage":false,"stepsCount":0,"attachmentsCount":0,"hasContent":false},{"name":"$(\"By.xpath: //input[contains(@placeholder,'First Name')]\") send keys(Matthew)","time":{"start":1717993267724,"stop":1717993267762,"duration":38},"status":"passed","steps":[],"attachments":[],"parameters":[],"shouldDisplayMessage":false,"stepsCount":0,"attachmentsCount":0,"hasContent":false},{"name":"$(\"By.xpath: //input[contains(@placeholder,'Last Name')]\") should be(visible)","time":{"start":1717993267762,"stop":1717993267781,"duration":19},"status":"passed","steps":[],"attachments":[],"parameters":[],"shouldDisplayMessage":false,"stepsCount":0,"attachmentsCount":0,"hasContent":false},{"name":"$(\"By.xpath: //input[contains(@placeholder,'Last Name')]\") send keys(Young)","time":{"start":1717993267782,"stop":1717993267835,"duration":53},"status":"passed","steps":[],"attachments":[],"parameters":[],"shouldDisplayMessage":false,"stepsCount":0,"attachmentsCount":0,"hasContent":false},{"name":"$(\"#app > div.app-body > div > div > div.page-card__left-half > div > form > div:nth-of-type(2) > div > input\") should be(visible)","time":{"start":1717993267836,"stop":1717993267871,"duration":35},"status":"passed","steps":[],"attachments":[],"parameters":[],"shouldDisplayMessage":false,"stepsCount":0,"attachmentsCount":0,"hasContent":false},{"name":"$(\"#app > div.app-body > div > div > div.page-card__left-half > div > form > div:nth-of-type(2) > div > input\") get wrapped element()","time":{"start":1717993267871,"stop":1717993267876,"duration":5},"status":"passed","steps":[],"attachments":[],"parameters":[],"shouldDisplayMessage":false,"stepsCount":0,"attachmentsCount":0,"hasContent":false},{"name":"$(\"By.xpath: //input[contains(@placeholder,'Email')]\") should be(visible)","time":{"start":1717993267880,"stop":1717993267897,"duration":17},"status":"passed","steps":[],"attachments":[],"parameters":[],"shouldDisplayMessage":false,"stepsCount":0,"attachmentsCount":0,"hasContent":false},{"name":"$(\"By.xpath: //input[contains(@placeholder,'Email')]\") send keys(autoTestTeacher8097544@gmail.com)","time":{"start":1717993267897,"stop":1717993267981,"duration":84},"status":"passed","steps":[],"attachments":[],"parameters":[],"shouldDisplayMessage":false,"stepsCount":0,"attachmentsCount":0,"hasContent":false},{"name":"$(\"By.xpath: //div[@class='primary-button']\") should be(visible)","time":{"start":1717993267981,"stop":1717993267995,"duration":14},"status":"passed","steps":[],"attachments":[],"parameters":[],"shouldDisplayMessage":false,"stepsCount":0,"attachmentsCount":0,"hasContent":false},{"name":"$(\"By.xpath: //div[@class='primary-button']\") click()","time":{"start":1717993267995,"stop":1717993268067,"duration":72},"status":"passed","steps":[],"attachments":[],"parameters":[],"shouldDisplayMessage":false,"stepsCount":0,"attachmentsCount":0,"hasContent":false},{"name":"$(\"By.id: skip-signup-step\") should be(visible)","time":{"start":1717993270068,"stop":1717993270083,"duration":15},"status":"passed","steps":[],"attachments":[],"parameters":[],"shouldDisplayMessage":false,"stepsCount":0,"attachmentsCount":0,"hasContent":false},{"name":"$(\"By.id: skip-signup-step\") click()","time":{"start":1717993270083,"stop":1717993270130,"duration":47},"status":"passed","steps":[],"attachments":[],"parameters":[],"shouldDisplayMessage":false,"stepsCount":0,"attachmentsCount":0,"hasContent":false},{"name":"$(\"By.xpath: //h1\") should be([visible, 20 s.])","time":{"start":1717993270338,"stop":1717993270578,"duration":240},"status":"passed","steps":[],"attachments":[],"parameters":[],"shouldDisplayMessage":false,"stepsCount":0,"attachmentsCount":0,"hasContent":false},{"name":"$(\"By.xpath: //h1\") should have(text \"My Classes\")","time":{"start":1717993270578,"stop":1717993270593,"duration":15},"status":"passed","steps":[],"attachments":[],"parameters":[],"shouldDisplayMessage":false,"stepsCount":0,"attachmentsCount":0,"hasContent":false},{"name":"$(\"By.xpath: //span[@class='user-name']\") should have(text \"Young, Matthew\")","time":{"start":1717993270593,"stop":1717993270679,"duration":86},"status":"passed","steps":[],"attachments":[],"parameters":[],"shouldDisplayMessage":false,"stepsCount":0,"attachmentsCount":0,"hasContent":false},{"name":"$(\"By.xpath: //p[@class='classes-list-page__text']\") should be([visible, 20 s.])","time":{"start":1717993270679,"stop":1717993271116,"duration":437},"status":"passed","steps":[],"attachments":[],"parameters":[],"shouldDisplayMessage":false,"stepsCount":0,"attachmentsCount":0,"hasContent":false},{"name":"$(\"By.xpath: //p[@class='classes-list-page__text']\") should have(text \"First, create your class!\")","time":{"start":1717993271116,"stop":1717993271130,"duration":14},"status":"passed","steps":[],"attachments":[],"parameters":[],"shouldDisplayMessage":false,"stepsCount":0,"attachmentsCount":0,"hasContent":false},{"name":"$(\"open\") https://bo2.readtheory.org/users","time":{"start":1717993271130,"stop":1717993271134,"duration":4},"status":"passed","steps":[],"attachments":[],"parameters":[],"shouldDisplayMessage":false,"stepsCount":0,"attachmentsCount":0,"hasContent":false},{"name":"$(\"body > amplify-authenticator > amplify-sign-in\") should be(visible)","time":{"start":1717993274135,"stop":1717993274149,"duration":14},"status":"passed","steps":[],"attachments":[],"parameters":[],"shouldDisplayMessage":false,"stepsCount":0,"attachmentsCount":0,"hasContent":false},{"name":"$(\"By.xpath: //div[@class='v-input v-input--hide-details theme--light v-text-field v-text-field--single-line v-text-field--is-booted']//div[@class='v-text-field__slot']/input\") should be(visible)","time":{"start":1717993279153,"stop":1717993279169,"duration":16},"status":"passed","steps":[],"attachments":[],"parameters":[],"shouldDisplayMessage":false,"stepsCount":0,"attachmentsCount":0,"hasContent":false},{"name":"$(\"By.xpath: //div[@class='v-input v-input--hide-details theme--light v-text-field v-text-field--single-line v-text-field--is-booted']//div[@class='v-text-field__slot']/input\") send keys(NewTeacherAutotest631174643)","time":{"start":1717993279169,"stop":1717993279312,"duration":143},"status":"passed","steps":[],"attachments":[],"parameters":[],"shouldDisplayMessage":false,"stepsCount":0,"attachmentsCount":0,"hasContent":false},{"name":"$(\"By.xpath: //div[@class='v-data-table__wrapper']//table//tbody/tr.findBy(text \"NewTeacherAutotest631174643\")\") click()","time":{"start":1717993279312,"stop":1717993289676,"duration":10364},"status":"failed","statusMessage":"Element not found {By.xpath: //div[@class='v-data-table__wrapper']//table//tbody/tr.findBy(text \"NewTeacherAutotest631174643\")}\nExpected: clickable: interactable and enabled\nPage source: file:/home/runner/work/MyNewAutoTests/MyNewAutoTests/app/build/reports/tests/1717993289468.1.html\nTimeout: 10 s.\nCaused by: NoSuchElementException: Cannot locate an element By.xpath: //div[@class='v-data-table__wrapper']//table//tbody/tr.findBy(text \"NewTeacherAutotest631174643\")","statusTrace":"Element not found {By.xpath: //div[@class='v-data-table__wrapper']//table//tbody/tr.findBy(text \"NewTeacherAutotest631174643\")}\nExpected: clickable: interactable and enabled\nPage source: file:/home/runner/work/MyNewAutoTests/MyNewAutoTests/app/build/reports/tests/1717993289468.1.html\nTimeout: 10 s.\nCaused by: NoSuchElementException: Cannot locate an element By.xpath: //div[@class='v-data-table__wrapper']//table//tbody/tr.findBy(text \"NewTeacherAutotest631174643\")\n\tat com.codeborne.selenide.impl.WebElementSource.createElementNotFoundError(WebElementSource.java:91)\n\tat com.codeborne.selenide.impl.WebElementSource.handleError(WebElementSource.java:143)\n\tat com.codeborne.selenide.impl.WebElementSource.checkConditionAndReturnElement(WebElementSource.java:127)\n\tat com.codeborne.selenide.impl.WebElementSource.findAndAssertElementIsClickable(WebElementSource.java:173)\n\tat com.codeborne.selenide.commands.Click.findElement(Click.java:46)\n\tat com.codeborne.selenide.commands.Click.execute(Click.java:28)\n\tat com.codeborne.selenide.commands.Click.execute(Click.java:21)\n\tat com.codeborne.selenide.commands.Commands.execute(Commands.java:164)\n\tat com.codeborne.selenide.impl.SelenideElementProxy.dispatchAndRetry(SelenideElementProxy.java:132)\n\tat com.codeborne.selenide.impl.SelenideElementProxy.invoke(SelenideElementProxy.java:84)\n\tat jdk.proxy2/jdk.proxy2.$Proxy35.click(Unknown Source)\n\tat app.pages.BO.BO.selectUser(BO.java:106)\n\tat UtilityBOActions.makeTeacherPremium(UtilityBOActions.java:27)\n\tat ActivityTests.teacherCanCreateCompetitionActivity(ActivityTests.java:249)\n\tat java.base/jdk.internal.reflect.NativeMethodAccessorImpl.invoke0(Native Method)\n\tat java.base/jdk.internal.reflect.NativeMethodAccessorImpl.invoke(NativeMethodAccessorImpl.java:77)\n\tat java.base/jdk.internal.reflect.DelegatingMethodAccessorImpl.invoke(DelegatingMethodAccessorImpl.java:43)\n\tat java.base/java.lang.reflect.Method.invoke(Method.java:568)\n\tat org.testng.internal.invokers.MethodInvocationHelper.invokeMethod(MethodInvocationHelper.java:139)\n\tat org.testng.internal.invokers.TestInvoker.invokeMethod(TestInvoker.java:664)\n\tat org.testng.internal.invokers.TestInvoker.invokeTestMethod(TestInvoker.java:227)\n\tat org.testng.internal.invokers.MethodRunner.runInSequence(MethodRunner.java:50)\n\tat org.testng.internal.invokers.TestInvoker$MethodInvocationAgent.invoke(TestInvoker.java:957)\n\tat org.testng.internal.invokers.TestInvoker.invokeTestMethods(TestInvoker.java:200)\n\tat org.testng.internal.invokers.TestMethodWorker.invokeTestMethods(TestMethodWorker.java:148)\n\tat org.testng.internal.invokers.TestMethodWorker.run(TestMethodWorker.java:128)\n\tat java.base/java.util.ArrayList.forEach(ArrayList.java:1511)\n\tat org.testng.TestRunner.privateRun(TestRunner.java:848)\n\tat org.testng.TestRunner.run(TestRunner.java:621)\n\tat org.testng.SuiteRunner.runTest(SuiteRunner.java:443)\n\tat org.testng.SuiteRunner.runSequentially(SuiteRunner.java:437)\n\tat org.testng.SuiteRunner.privateRun(SuiteRunner.java:397)\n\tat org.testng.SuiteRunner.run(SuiteRunner.java:336)\n\tat org.testng.SuiteRunnerWorker.runSuite(SuiteRunnerWorker.java:52)\n\tat org.testng.SuiteRunnerWorker.run(SuiteRunnerWorker.java:95)\n\tat org.testng.TestNG.runSuitesSequentially(TestNG.java:1280)\n\tat org.testng.TestNG.runSuitesLocally(TestNG.java:1200)\n\tat org.testng.TestNG.runSuites(TestNG.java:1114)\n\tat org.testng.TestNG.run(TestNG.java:1082)\n\tat org.gradle.api.internal.tasks.testing.testng.TestNGTestClassProcessor.runTests(TestNGTestClassProcessor.java:145)\n\tat org.gradle.api.internal.tasks.testing.testng.TestNGTestClassProcessor.stop(TestNGTestClassProcessor.java:92)\n\tat org.gradle.api.internal.tasks.testing.SuiteTestClassProcessor.stop(SuiteTestClassProcessor.java:62)\n\tat java.base/jdk.internal.reflect.NativeMethodAccessorImpl.invoke0(Native Method)\n\tat java.base/jdk.internal.reflect.NativeMethodAccessorImpl.invoke(NativeMethodAccessorImpl.java:77)\n\tat java.base/jdk.internal.reflect.DelegatingMethodAccessorImpl.invoke(DelegatingMethodAccessorImpl.java:43)\n\tat java.base/java.lang.reflect.Method.invoke(Method.java:568)\n\tat org.gradle.internal.dispatch.ReflectionDispatch.dispatch(ReflectionDispatch.java:36)\n\tat org.gradle.internal.dispatch.ReflectionDispatch.dispatch(ReflectionDispatch.java:24)\n\tat org.gradle.internal.dispatch.ContextClassLoaderDispatch.dispatch(ContextClassLoaderDispatch.java:33)\n\tat org.gradle.internal.dispatch.ProxyDispatchAdapter$DispatchingInvocationHandler.invoke(ProxyDispatchAdapter.java:94)\n\tat jdk.proxy1/jdk.proxy1.$Proxy2.stop(Unknown Source)\n\tat org.gradle.api.internal.tasks.testing.worker.TestWorker$3.run(TestWorker.java:193)\n\tat org.gradle.api.internal.tasks.testing.worker.TestWorker.executeAndMaintainThreadName(TestWorker.java:129)\n\tat org.gradle.api.internal.tasks.testing.worker.TestWorker.execute(TestWorker.java:100)\n\tat org.gradle.api.internal.tasks.testing.worker.TestWorker.execute(TestWorker.java:60)\n\tat org.gradle.process.internal.worker.child.ActionExecutionWorker.execute(ActionExecutionWorker.java:56)\n\tat org.gradle.process.internal.worker.child.SystemApplicationClassLoaderWorker.call(SystemApplicationClassLoaderWorker.java:113)\n\tat org.gradle.process.internal.worker.child.SystemApplicationClassLoaderWorker.call(SystemApplicationClassLoaderWorker.java:65)\n\tat worker.org.gradle.process.internal.worker.GradleWorkerMain.run(GradleWorkerMain.java:69)\n\tat worker.org.gradle.process.internal.worker.GradleWorkerMain.main(GradleWorkerMain.java:74)\nCaused by: org.openqa.selenium.NoSuchElementException: Cannot locate an element By.xpath: //div[@class='v-data-table__wrapper']//table//tbody/tr.findBy(text \"NewTeacherAutotest631174643\")\nFor documentation on this error, please visit: https://www.selenium.dev/documentation/webdriver/troubleshooting/errors#no-such-element-exception\nBuild info: version: '4.12.1', revision: '8e34639b11'\nSystem info: os.name: 'Linux', os.arch: 'amd64', os.version: '6.5.0-1021-azure', java.version: '17.0.10'\nDriver info: driver.version: unknown\n\tat com.codeborne.selenide.impl.CollectionElementByCondition.getWebElement(CollectionElementByCondition.java:55)\n\tat com.codeborne.selenide.impl.WebElementSource.checkConditionAndReturnElement(WebElementSource.java:116)\n\t... 57 more\n","steps":[],"attachments":[{"uid":"3b3b3593a4598e68","name":"Screenshot","source":"3b3b3593a4598e68.png","type":"image/png","size":52120},{"uid":"1289174a1e959c5b","name":"Page source","source":"1289174a1e959c5b.html","type":"text/html","size":597816}],"parameters":[],"shouldDisplayMessage":true,"stepsCount":0,"attachmentsCount":2,"hasContent":true}],"attachments":[],"parameters":[],"shouldDisplayMessage":false,"stepsCount":36,"attachmentsCount":2,"hasContent":true},"afterStages":[{"name":"clearCookies","time":{"start":1717993289681,"stop":1717993290060,"duration":379},"description":"","status":"passed","steps":[{"name":"$(\"open\") https://readtheory.org","time":{"start":1717993289681,"stop":1717993289689,"duration":8},"status":"passed","steps":[],"attachments":[],"parameters":[],"shouldDisplayMessage":false,"stepsCount":0,"attachmentsCount":0,"hasContent":false},{"name":"$(\"clearCookies\") ","time":{"start":1717993289689,"stop":1717993289771,"duration":82},"status":"passed","steps":[],"attachments":[],"parameters":[],"shouldDisplayMessage":false,"stepsCount":0,"attachmentsCount":0,"hasContent":false},{"name":"$(\"open\") https://bo2.readtheory.org/users","time":{"start":1717993289774,"stop":1717993289777,"duration":3},"status":"passed","steps":[],"attachments":[],"parameters":[],"shouldDisplayMessage":false,"stepsCount":0,"attachmentsCount":0,"hasContent":false},{"name":"$(\"clearCookies\") ","time":{"start":1717993289777,"stop":1717993289904,"duration":127},"status":"passed","steps":[],"attachments":[],"parameters":[],"shouldDisplayMessage":false,"stepsCount":0,"attachmentsCount":0,"hasContent":false},{"name":"$(\"webdriver\") close()","time":{"start":1717993289908,"stop":1717993290059,"duration":151},"status":"passed","steps":[],"attachments":[],"parameters":[],"shouldDisplayMessage":false,"stepsCount":0,"attachmentsCount":0,"hasContent":false}],"attachments":[],"parameters":[],"shouldDisplayMessage":false,"stepsCount":5,"attachmentsCount":0,"hasContent":true}],"labels":[{"name":"package","value":"ActivityTests"},{"name":"testClass","value":"ActivityTests"},{"name":"testMethod","value":"teacherCanCreateCompetitionActivity"},{"name":"parentSuite","value":"Gradle suite"},{"name":"suite","value":"Gradle test"},{"name":"subSuite","value":"ActivityTests"},{"name":"host","value":"fv-az1493-588"},{"name":"thread","value":"2220@fv-az1493-588.Test worker(1)"},{"name":"framework","value":"testng"},{"name":"language","value":"java"},{"name":"feature","value":"Activity"},{"name":"epic","value":"StudentTask"},{"name":"severity","value":"blocker"},{"name":"resultFormat","value":"allure2"}],"parameters":[],"links":[],"hidden":false,"retry":false,"extra":{"severity":"blocker","retries":[],"categories":[{"name":"Product defects","matchedStatuses":[],"flaky":false}],"history":{"statistic":{"failed":2,"broken":0,"skipped":0,"passed":6,"unknown":0,"total":8},"items":[{"uid":"deed765ca34d0cff","reportUrl":"https://VerNataliia.github.io/MyNewAutoTests/36//#testresult/deed765ca34d0cff","status":"failed","statusDetails":"Element not found {By.xpath: //div[@class='v-data-table__wrapper']//table//tbody/tr.findBy(text \"NewTeacherAutotest71506012\")}\nExpected: clickable: interactable and enabled\nPage source: file:/home/runner/work/MyNewAutoTests/MyNewAutoTests/app/build/reports/tests/1717906765918.1.html\nTimeout: 10 s.\nCaused by: NoSuchElementException: Cannot locate an element By.xpath: //div[@class='v-data-table__wrapper']//table//tbody/tr.findBy(text \"NewTeacherAutotest71506012\")","time":{"start":1717906741669,"stop":1717906766146,"duration":24477}},{"uid":"469733d2e958bf20","reportUrl":"https://VerNataliia.github.io/MyNewAutoTests/35//#testresult/469733d2e958bf20","status":"passed","time":{"start":1717734910787,"stop":1717734965052,"duration":54265}},{"uid":"c68a713f16d5223a","reportUrl":"https://VerNataliia.github.io/MyNewAutoTests/34//#testresult/c68a713f16d5223a","status":"passed","time":{"start":1717648563621,"stop":1717648618517,"duration":54896}},{"uid":"571fc71e6d4bbdc7","reportUrl":"https://VerNataliia.github.io/MyNewAutoTests/33//#testresult/571fc71e6d4bbdc7","status":"passed","time":{"start":1717562144008,"stop":1717562198625,"duration":54617}},{"uid":"c32e3f8af80b7d24","reportUrl":"https://VerNataliia.github.io/MyNewAutoTests/32//#testresult/c32e3f8af80b7d24","status":"passed","time":{"start":1717475703119,"stop":1717475757631,"duration":54512}},{"uid":"35d287275cea2582","reportUrl":"https://VerNataliia.github.io/MyNewAutoTests/31//#testresult/35d287275cea2582","status":"passed","time":{"start":1717389342088,"stop":1717389396680,"duration":54592}},{"uid":"aaa93449aee6618e","reportUrl":"https://VerNataliia.github.io/MyNewAutoTests/30//#testresult/aaa93449aee6618e","status":"passed","time":{"start":1717302958301,"stop":1717303012127,"duration":53826}}]},"tags":[]},"source":"451f856fdc81311c.json","parameterValues":[]}